set up device
device:  cuda
loaded model
printing architecture
Sequential(
  (0): Conv2d(3, 64, kernel_size=(3, 3), stride=(1, 1), padding=(1, 1))
  (1): ReLU(inplace=True)
  (2): Conv2d(64, 64, kernel_size=(3, 3), stride=(1, 1), padding=(1, 1))
  (3): ReLU(inplace=True)
  (4): MaxPool2d(kernel_size=2, stride=2, padding=0, dilation=1, ceil_mode=False)
  (5): Conv2d(64, 128, kernel_size=(3, 3), stride=(1, 1), padding=(1, 1))
  (6): ReLU(inplace=True)
  (7): Conv2d(128, 128, kernel_size=(3, 3), stride=(1, 1), padding=(1, 1))
  (8): ReLU(inplace=True)
  (9): MaxPool2d(kernel_size=2, stride=2, padding=0, dilation=1, ceil_mode=False)
  (10): Conv2d(128, 256, kernel_size=(3, 3), stride=(1, 1), padding=(1, 1))
  (11): ReLU(inplace=True)
  (12): Conv2d(256, 256, kernel_size=(3, 3), stride=(1, 1), padding=(1, 1))
  (13): ReLU(inplace=True)
  (14): Conv2d(256, 256, kernel_size=(3, 3), stride=(1, 1), padding=(1, 1))
  (15): ReLU(inplace=True)
  (16): MaxPool2d(kernel_size=2, stride=2, padding=0, dilation=1, ceil_mode=False)
  (17): Conv2d(256, 512, kernel_size=(3, 3), stride=(1, 1), padding=(1, 1))
  (18): ReLU(inplace=True)
  (19): Conv2d(512, 512, kernel_size=(3, 3), stride=(1, 1), padding=(1, 1))
  (20): ReLU(inplace=True)
  (21): Conv2d(512, 512, kernel_size=(3, 3), stride=(1, 1), padding=(1, 1))
  (22): ReLU(inplace=True)
  (23): MaxPool2d(kernel_size=2, stride=2, padding=0, dilation=1, ceil_mode=False)
  (24): Conv2d(512, 512, kernel_size=(3, 3), stride=(1, 1), padding=(1, 1))
  (25): ReLU(inplace=True)
  (26): Conv2d(512, 512, kernel_size=(3, 3), stride=(1, 1), padding=(1, 1))
  (27): ReLU(inplace=True)
  (28): Conv2d(512, 512, kernel_size=(3, 3), stride=(1, 1), padding=(1, 1))
  (29): ReLU(inplace=True)
  (30): MaxPool2d(kernel_size=2, stride=2, padding=0, dilation=1, ceil_mode=False)
)
first train image path
../../../Images/train/No Blur/Sedan_train_orig_test_01516_resized_no_blur.jpg
first train embedding
tensor([[1.2780e-01, 1.6568e-01, 5.4183e-02, 5.4542e-02, 2.6891e-01, 0.0000e+00,
         3.6441e-02, 0.0000e+00, 4.7574e-01, 2.2473e-01, 4.8654e-02, 1.0276e+00,
         1.0089e-01, 1.2603e-02, 1.7806e-01, 0.0000e+00, 9.3512e-03, 0.0000e+00,
         2.2804e-02, 9.6291e-02, 3.1928e-01, 0.0000e+00, 1.5803e-02, 1.6066e-02,
         0.0000e+00, 6.2412e-01, 0.0000e+00, 3.6932e-01, 0.0000e+00, 0.0000e+00,
         1.8776e-02, 0.0000e+00, 2.1175e-01, 3.8854e-01, 2.7926e-01, 1.3914e-01,
         0.0000e+00, 1.3776e+00, 1.6812e-01, 8.5126e-03, 2.5891e+00, 6.3215e-01,
         1.7413e-01, 0.0000e+00, 0.0000e+00, 6.6720e-01, 1.4476e-02, 1.0749e-01,
         1.6678e+00, 7.1454e-02, 0.0000e+00, 8.0766e-01, 4.0253e-01, 4.4701e-01,
         1.5208e-01, 0.0000e+00, 1.0561e-01, 4.3036e-01, 6.3749e-03, 9.2025e-01,
         0.0000e+00, 5.5424e-01, 1.0116e-01, 3.4048e-01, 0.0000e+00, 0.0000e+00,
         0.0000e+00, 2.7196e-01, 6.0723e-03, 3.7599e-02, 1.5556e-01, 9.3901e-01,
         1.0610e+00, 3.0988e-01, 8.0076e-02, 3.6184e-01, 1.8069e-01, 5.3749e-01,
         8.3131e-01, 9.4104e-01, 3.6164e-01, 1.4264e+00, 2.1501e-01, 3.5527e-01,
         1.0506e-02, 0.0000e+00, 1.0768e+00, 4.5268e+00, 6.2504e+00, 5.2901e-01,
         1.6874e+00, 9.5186e-03, 2.6241e-02, 1.1363e+00, 6.8875e-01, 1.9245e-01,
         0.0000e+00, 6.5297e-02, 8.9382e-02, 0.0000e+00, 2.1296e-01, 5.6814e-02,
         0.0000e+00, 5.2343e-01, 1.5018e-02, 3.3153e-01, 6.9892e-01, 4.9346e-01,
         0.0000e+00, 1.7489e-01, 7.8413e-02, 1.0841e-01, 1.4264e-02, 1.0907e+00,
         4.1789e-02, 8.3908e-02, 1.3599e-02, 3.6493e-01, 0.0000e+00, 1.2351e-01,
         1.7437e-01, 3.4320e-01, 4.4699e-02, 0.0000e+00, 1.7108e-01, 0.0000e+00,
         7.9284e-02, 6.7346e-01, 8.2340e-01, 7.2750e-01, 0.0000e+00, 8.2060e-02,
         2.8134e-02, 2.5203e-02, 0.0000e+00, 7.1265e-01, 8.0358e-02, 9.2509e-01,
         1.8803e-02, 0.0000e+00, 5.3644e-03, 5.6467e-02, 8.5143e-02, 4.8188e-01,
         2.4435e-01, 7.8250e-01, 8.1568e-02, 1.7366e-02, 4.8160e-02, 5.1662e-02,
         0.0000e+00, 3.0180e-01, 1.1872e-02, 3.3351e-02, 3.5110e-01, 8.6499e-01,
         8.1906e-02, 0.0000e+00, 0.0000e+00, 1.4723e-01, 0.0000e+00, 3.7822e-01,
         2.8765e-02, 4.5052e-01, 1.0223e-01, 1.3910e+00, 1.0738e+00, 3.6422e-01,
         5.3336e-01, 3.3072e-01, 7.1375e-01, 7.6369e-02, 2.0028e-01, 0.0000e+00,
         6.4168e-02, 1.0678e+00, 0.0000e+00, 5.8856e-03, 9.9560e-02, 1.5621e-01,
         0.0000e+00, 6.3159e-02, 1.9035e+00, 6.8336e-02, 0.0000e+00, 4.4719e-01,
         0.0000e+00, 2.5366e-01, 1.2860e-01, 2.6876e-01, 4.7711e-02, 0.0000e+00,
         9.1483e-01, 1.5411e-01, 5.5804e-01, 2.3275e-01, 2.3827e-01, 3.9367e-02,
         0.0000e+00, 1.7233e-01, 0.0000e+00, 0.0000e+00, 4.4876e+00, 1.0332e-01,
         0.0000e+00, 7.4645e-01, 3.6756e+00, 0.0000e+00, 7.1743e-02, 2.1120e+00,
         2.7316e-01, 8.1761e-01, 0.0000e+00, 4.7147e-01, 1.8453e-02, 4.3706e-03,
         4.3293e-01, 2.0810e-01, 8.4887e-02, 6.1823e-01, 0.0000e+00, 2.0208e-01,
         0.0000e+00, 0.0000e+00, 6.7698e-02, 8.1956e-01, 1.6424e-01, 0.0000e+00,
         1.5418e+00, 1.2647e+00, 2.2602e-02, 0.0000e+00, 3.5448e-01, 9.5489e-01,
         2.4699e-02, 5.9797e-02, 1.2272e+00, 7.6736e-02, 0.0000e+00, 1.2869e-02,
         8.5142e-01, 1.6077e-02, 9.6786e-02, 1.9058e-03, 5.7314e-02, 1.3374e+00,
         5.3686e-01, 1.5227e-01, 0.0000e+00, 0.0000e+00, 2.8799e-02, 5.3004e-01,
         2.2139e-02, 5.1220e-02, 1.0686e-01, 6.8061e-02, 4.7159e-01, 1.8395e+00,
         2.9695e-01, 0.0000e+00, 0.0000e+00, 0.0000e+00, 2.1878e-01, 0.0000e+00,
         0.0000e+00, 2.2352e-01, 3.1466e-01, 4.3479e-01, 0.0000e+00, 0.0000e+00,
         5.0503e-01, 3.8766e-02, 0.0000e+00, 7.7297e-02, 0.0000e+00, 2.4893e-02,
         1.1220e-01, 4.4715e-01, 1.9684e-01, 6.2573e-01, 5.0101e-01, 0.0000e+00,
         3.3087e+00, 2.5114e+00, 2.4164e-01, 1.9235e-02, 6.7919e-02, 4.8769e-03,
         1.5004e+00, 1.9832e-01, 5.8429e-03, 3.9821e-01, 3.0189e-01, 2.4417e-01,
         3.4377e-01, 2.9836e-01, 0.0000e+00, 2.2344e-01, 1.4923e+00, 0.0000e+00,
         1.8876e-01, 0.0000e+00, 8.5534e-02, 9.7290e-01, 1.8870e-02, 1.2533e-01,
         1.3702e-02, 2.7461e-01, 0.0000e+00, 0.0000e+00, 0.0000e+00, 4.6118e-03,
         6.6452e-03, 7.4702e-02, 1.6649e-01, 0.0000e+00, 4.4157e-01, 6.5580e-01,
         8.6778e-02, 1.8977e-02, 6.1799e-02, 3.9411e-01, 0.0000e+00, 2.7170e-02,
         1.4395e+00, 0.0000e+00, 7.1917e-03, 0.0000e+00, 0.0000e+00, 0.0000e+00,
         2.4446e+00, 0.0000e+00, 0.0000e+00, 2.1010e+00, 2.5712e-01, 1.1531e-01,
         4.1438e-02, 6.5715e-03, 2.7077e-01, 0.0000e+00, 0.0000e+00, 1.1062e-01,
         6.8185e-03, 3.5180e+00, 1.0894e-02, 0.0000e+00, 1.0948e-01, 1.3544e-01,
         6.2974e-02, 3.6335e-01, 1.1183e+00, 2.5592e-02, 1.6086e+00, 0.0000e+00,
         0.0000e+00, 2.0262e-02, 3.5257e-01, 3.1200e-01, 9.8913e-02, 3.5808e-03,
         2.3929e-01, 3.8606e-02, 1.9052e-01, 3.1683e-02, 7.4416e-02, 5.6089e-01,
         1.4058e-01, 0.0000e+00, 5.3687e-03, 2.2600e-01, 0.0000e+00, 4.0610e-02,
         0.0000e+00, 2.1578e-02, 3.1350e-02, 0.0000e+00, 0.0000e+00, 3.6776e+00,
         6.2730e-01, 8.3737e-02, 9.7224e-01, 1.2732e+00, 9.7126e-02, 8.3983e-02,
         1.3232e-01, 0.0000e+00, 0.0000e+00, 0.0000e+00, 1.6271e+00, 0.0000e+00,
         8.0684e-01, 0.0000e+00, 1.4928e-01, 0.0000e+00, 1.9403e-01, 7.4916e-02,
         6.5189e-02, 6.5170e-02, 6.3310e-01, 0.0000e+00, 3.7798e-02, 1.6030e-02,
         0.0000e+00, 0.0000e+00, 1.0169e-01, 2.1447e+00, 2.6130e-02, 1.0750e-01,
         1.7953e+00, 1.3446e-01, 0.0000e+00, 9.1659e-01, 2.6371e+00, 0.0000e+00,
         4.4356e-02, 3.6173e-01, 0.0000e+00, 0.0000e+00, 3.2656e+00, 1.2538e-01,
         2.4186e-02, 0.0000e+00, 2.4006e-02, 3.8944e-01, 1.6600e+00, 6.0523e-02,
         4.1670e-01, 5.3194e-02, 0.0000e+00, 0.0000e+00, 5.6830e-01, 4.0687e-01,
         1.8966e-01, 1.3380e+00, 2.1312e-01, 0.0000e+00, 0.0000e+00, 9.7183e-01,
         0.0000e+00, 2.1110e-01, 9.7841e-02, 1.7513e-03, 2.3282e-02, 5.2127e-02,
         9.3780e-02, 2.0274e-01, 0.0000e+00, 5.1705e-02, 1.3201e-02, 2.0122e-01,
         9.6584e-02, 1.0097e+00, 0.0000e+00, 4.9555e-01, 8.2080e-02, 0.0000e+00,
         2.4724e-02, 2.2918e+00, 0.0000e+00, 1.3114e-02, 2.6999e-02, 1.8818e-01,
         1.9466e-01, 0.0000e+00, 1.2921e-02, 4.2011e-01, 6.9537e-01, 3.7832e-01,
         6.1276e-03, 1.1098e-01, 1.8057e+00, 1.9192e+00, 0.0000e+00, 0.0000e+00,
         3.5754e-02, 6.1057e-01, 0.0000e+00, 0.0000e+00, 9.8644e-03, 4.9861e-01,
         6.2401e-01, 1.3737e-01, 5.0957e-02, 1.0398e-01, 1.9099e-01, 1.5986e-02,
         6.3021e-02, 4.8293e-02, 2.1641e+00, 1.3018e-01, 2.2402e+00, 2.8771e-02,
         2.9445e-03, 7.8267e-03, 0.0000e+00, 5.6086e-01, 4.2811e-02, 1.4392e-01,
         3.6648e-01, 0.0000e+00, 2.6871e-01, 3.0704e-02, 1.9599e-02, 6.3186e-01,
         4.0191e-02, 0.0000e+00, 0.0000e+00, 0.0000e+00, 9.8337e-02, 0.0000e+00,
         5.5039e-01, 3.6763e-04]], device='cuda:0')
first train embedding list
[0.12780016660690308, 0.1656762659549713, 0.05418269336223602, 0.05454239621758461, 0.2689076066017151, 0.0, 0.036440782248973846, 0.0, 0.4757368862628937, 0.22472575306892395, 0.04865378141403198, 1.0276328325271606, 0.10089383274316788, 0.012602800503373146, 0.17806126177310944, 0.0, 0.009351157583296299, 0.0, 0.022804366424679756, 0.09629113227128983, 0.31928399205207825, 0.0, 0.0158026572316885, 0.016066033393144608, 0.0, 0.624118983745575, 0.0, 0.36932146549224854, 0.0, 0.0, 0.018775545060634613, 0.0, 0.21175481379032135, 0.3885401785373688, 0.2792622745037079, 0.1391390562057495, 0.0, 1.377601146697998, 0.16812121868133545, 0.008512590080499649, 2.589122772216797, 0.6321503520011902, 0.17412786185741425, 0.0, 0.0, 0.6672046780586243, 0.014476058073341846, 0.10748570412397385, 1.6678497791290283, 0.07145388424396515, 0.0, 0.8076632618904114, 0.4025322198867798, 0.44701409339904785, 0.15207551419734955, 0.0, 0.10561098158359528, 0.43035802245140076, 0.006374928168952465, 0.9202457070350647, 0.0, 0.5542404651641846, 0.10115837305784225, 0.3404790163040161, 0.0, 0.0, 0.0, 0.27195706963539124, 0.006072286516427994, 0.03759878873825073, 0.1555596888065338, 0.9390051364898682, 1.0610493421554565, 0.3098779320716858, 0.08007597923278809, 0.3618421256542206, 0.18069179356098175, 0.5374931693077087, 0.8313065767288208, 0.9410427212715149, 0.3616432547569275, 1.4264405965805054, 0.21501007676124573, 0.35526973009109497, 0.010506297461688519, 0.0, 1.0768399238586426, 4.526787281036377, 6.250421047210693, 0.5290142893791199, 1.6873995065689087, 0.009518574923276901, 0.026240702718496323, 1.1363303661346436, 0.6887452602386475, 0.19244542717933655, 0.0, 0.06529707461595535, 0.08938214927911758, 0.0, 0.21295934915542603, 0.05681362748146057, 0.0, 0.5234346389770508, 0.015018464997410774, 0.3315347731113434, 0.6989160776138306, 0.4934551417827606, 0.0, 0.17489250004291534, 0.07841309905052185, 0.10840597748756409, 0.014264225959777832, 1.0906935930252075, 0.04178895056247711, 0.08390814065933228, 0.013599052093923092, 0.3649294972419739, 0.0, 0.1235143318772316, 0.17436696588993073, 0.3431999385356903, 0.04469851031899452, 0.0, 0.17108432948589325, 0.0, 0.07928360253572464, 0.6734583377838135, 0.8233997225761414, 0.7275004386901855, 0.0, 0.08206012099981308, 0.028133902698755264, 0.025202814489603043, 0.0, 0.7126500606536865, 0.08035814762115479, 0.9250931739807129, 0.018803488463163376, 0.0, 0.005364390090107918, 0.056467171758413315, 0.08514299988746643, 0.48188072443008423, 0.24435250461101532, 0.7824995517730713, 0.08156833797693253, 0.01736636459827423, 0.04816049709916115, 0.05166244879364967, 0.0, 0.30180349946022034, 0.011871620081365108, 0.033351391553878784, 0.3510952591896057, 0.8649935722351074, 0.0819060355424881, 0.0, 0.0, 0.14723271131515503, 0.0, 0.3782195448875427, 0.028765054419636726, 0.45051702857017517, 0.10222579538822174, 1.3909872770309448, 1.0738310813903809, 0.36422237753868103, 0.5333629250526428, 0.33071744441986084, 0.7137507200241089, 0.07636861503124237, 0.20028136670589447, 0.0, 0.06416758894920349, 1.067832350730896, 0.0, 0.005885568913072348, 0.09956049919128418, 0.15621255338191986, 0.0, 0.06315866112709045, 1.9034814834594727, 0.06833582371473312, 0.0, 0.4471885859966278, 0.0, 0.25365954637527466, 0.12859953939914703, 0.2687646448612213, 0.047710664570331573, 0.0, 0.9148252606391907, 0.15410654246807098, 0.5580418705940247, 0.23275281488895416, 0.2382747381925583, 0.03936711698770523, 0.0, 0.1723291426897049, 0.0, 0.0, 4.4875640869140625, 0.10331856459379196, 0.0, 0.7464495897293091, 3.6755855083465576, 0.0, 0.07174311578273773, 2.1120223999023438, 0.2731555700302124, 0.8176099061965942, 0.0, 0.4714738428592682, 0.018452556803822517, 0.0043705967254936695, 0.4329279959201813, 0.20809678733348846, 0.08488701283931732, 0.6182337999343872, 0.0, 0.20207533240318298, 0.0, 0.0, 0.0676983892917633, 0.8195590376853943, 0.16424229741096497, 0.0, 1.5418380498886108, 1.264748454093933, 0.02260231412947178, 0.0, 0.3544798791408539, 0.9548947811126709, 0.024698879569768906, 0.05979655683040619, 1.227200984954834, 0.07673562318086624, 0.0, 0.01286944281309843, 0.8514237403869629, 0.016077257692813873, 0.09678634256124496, 0.001905849319882691, 0.05731387063860893, 1.3373644351959229, 0.5368590354919434, 0.15227094292640686, 0.0, 0.0, 0.02879902720451355, 0.5300403237342834, 0.022138692438602448, 0.051219772547483444, 0.10685690492391586, 0.06806101649999619, 0.47158586978912354, 1.8394536972045898, 0.2969467341899872, 0.0, 0.0, 0.0, 0.21877819299697876, 0.0, 0.0, 0.22352008521556854, 0.3146638870239258, 0.4347870647907257, 0.0, 0.0, 0.5050326585769653, 0.03876643255352974, 0.0, 0.07729744911193848, 0.0, 0.02489303983747959, 0.11220134049654007, 0.44714614748954773, 0.19684070348739624, 0.6257250905036926, 0.5010070204734802, 0.0, 3.3086965084075928, 2.5113861560821533, 0.24164161086082458, 0.01923450455069542, 0.06791871041059494, 0.004876852035522461, 1.5004104375839233, 0.19832167029380798, 0.005842864513397217, 0.39821359515190125, 0.3018852174282074, 0.24416685104370117, 0.34377455711364746, 0.2983582317829132, 0.0, 0.22344230115413666, 1.4923300743103027, 0.0, 0.18876154720783234, 0.0, 0.08553433418273926, 0.9729009866714478, 0.018869634717702866, 0.12533333897590637, 0.013702255673706532, 0.27460977435112, 0.0, 0.0, 0.0, 0.00461175013333559, 0.006645163521170616, 0.0747024267911911, 0.1664901077747345, 0.0, 0.44156989455223083, 0.6557955145835876, 0.08677791804075241, 0.018976768478751183, 0.06179895997047424, 0.39411064982414246, 0.0, 0.027170279994606972, 1.4395098686218262, 0.0, 0.007191650103777647, 0.0, 0.0, 0.0, 2.4446465969085693, 0.0, 0.0, 2.1010241508483887, 0.2571188807487488, 0.11531152576208115, 0.04143834114074707, 0.006571535486727953, 0.27076834440231323, 0.0, 0.0, 0.11061801761388779, 0.006818508263677359, 3.517956018447876, 0.010893845930695534, 0.0, 0.10947558283805847, 0.13544397056102753, 0.06297444552183151, 0.36335477232933044, 1.118337869644165, 0.02559240721166134, 1.6085572242736816, 0.0, 0.0, 0.020261548459529877, 0.3525749146938324, 0.31200191378593445, 0.09891293942928314, 0.0035807513631880283, 0.23929348587989807, 0.038606055080890656, 0.1905183494091034, 0.03168344870209694, 0.07441582530736923, 0.5608923435211182, 0.14058201014995575, 0.0, 0.005368722137063742, 0.22600123286247253, 0.0, 0.040610406547784805, 0.0, 0.021577684208750725, 0.03134964406490326, 0.0, 0.0, 3.6776208877563477, 0.6272994875907898, 0.08373695611953735, 0.9722433090209961, 1.2732220888137817, 0.0971255749464035, 0.08398303389549255, 0.13232484459877014, 0.0, 0.0, 0.0, 1.6271190643310547, 0.0, 0.8068433403968811, 0.0, 0.14928077161312103, 0.0, 0.1940324306488037, 0.0749160423874855, 0.06518911570310593, 0.06517017632722855, 0.6331019401550293, 0.0, 0.037797823548316956, 0.01602967083454132, 0.0, 0.0, 0.10169485211372375, 2.1447224617004395, 0.02613019570708275, 0.10749784857034683, 1.7952730655670166, 0.1344592422246933, 0.0, 0.9165917038917542, 2.637138843536377, 0.0, 0.044355787336826324, 0.36173272132873535, 0.0, 0.0, 3.2655844688415527, 0.12538307905197144, 0.02418612875044346, 0.0, 0.024006152525544167, 0.3894422948360443, 1.66001296043396, 0.060523100197315216, 0.4166998863220215, 0.053194377571344376, 0.0, 0.0, 0.5682988166809082, 0.40687447786331177, 0.18965886533260345, 1.3380407094955444, 0.21311746537685394, 0.0, 0.0, 0.9718266725540161, 0.0, 0.21110162138938904, 0.09784132242202759, 0.0017513406928628683, 0.023281916975975037, 0.05212654173374176, 0.09377952665090561, 0.20274095237255096, 0.0, 0.05170532688498497, 0.013201308436691761, 0.2012242078781128, 0.09658415615558624, 1.0096608400344849, 0.0, 0.4955497086048126, 0.08208029717206955, 0.0, 0.024723568931221962, 2.2917587757110596, 0.0, 0.013114470057189465, 0.02699884958565235, 0.18817667663097382, 0.1946588009595871, 0.0, 0.012920733541250229, 0.42011234164237976, 0.6953710913658142, 0.37832075357437134, 0.006127649452537298, 0.11097674071788788, 1.8057026863098145, 1.9192155599594116, 0.0, 0.0, 0.035754259675741196, 0.6105703115463257, 0.0, 0.0, 0.009864375926554203, 0.49861177802085876, 0.6240137219429016, 0.13737450540065765, 0.050956808030605316, 0.10398457944393158, 0.19098734855651855, 0.015985583886504173, 0.06302113085985184, 0.048292893916368484, 2.1640703678131104, 0.1301753968000412, 2.2402424812316895, 0.028770923614501953, 0.0029445206746459007, 0.007826673798263073, 0.0, 0.5608624815940857, 0.04281118884682655, 0.14391766488552094, 0.3664809465408325, 0.0, 0.26870667934417725, 0.030703699216246605, 0.01959882490336895, 0.6318644285202026, 0.04019143432378769, 0.0, 0.0, 0.0, 0.0983366146683693, 0.0, 0.5503899455070496, 0.00036763292155228555]
length of first train embedding list
512
length train_embeddings_lists
6596
head of te df
                                          Image Path  ...       511
0  ../../../Images/train/No Blur/Sedan_train_orig...  ...  0.000368
1  ../../../Images/train/No Blur/SUV_train_orig_t...  ...  0.000000
2  ../../../Images/train/No Blur/Convertible_trai...  ...  0.000000
3  ../../../Images/train/No Blur/Pickup_train_ori...  ...  0.000000
4  ../../../Images/train/No Blur/SUV_train_orig_t...  ...  0.781257

[5 rows x 513 columns]
shape of te df
(6596, 513)
train embeddings dataframe
                                             Image Path  ...  test_80_20
0     ../../../Images/train/No Blur/Sedan_train_orig...  ...           0
1     ../../../Images/train/No Blur/SUV_train_orig_t...  ...           0
2     ../../../Images/train/No Blur/Convertible_trai...  ...           0
3     ../../../Images/train/No Blur/Pickup_train_ori...  ...           0
4     ../../../Images/train/No Blur/SUV_train_orig_t...  ...           0
...                                                 ...  ...         ...
6591  ../../../Images/train/No Blur/Pickup_train_ori...  ...           0
6592  ../../../Images/train/No Blur/SUV_train_orig_t...  ...           0
6593  ../../../Images/train/No Blur/SUV_train_orig_t...  ...           0
6594  ../../../Images/train/No Blur/Sedan_train_orig...  ...           0
6595  ../../../Images/train/No Blur/SUV_train_orig_t...  ...           0

[6596 rows x 514 columns]
first test image path
../../../Images/test/No Blur/Pickup_test_orig_test_05620_resized_no_blur.jpg
first test embedding
tensor([[5.3123e-03, 1.8517e-01, 4.2770e-02, 0.0000e+00, 0.0000e+00, 0.0000e+00,
         2.8923e-01, 0.0000e+00, 0.0000e+00, 5.3645e-02, 7.7182e-02, 4.5476e-01,
         0.0000e+00, 4.0437e-01, 0.0000e+00, 3.0916e-01, 1.1965e-02, 5.2525e-02,
         7.5239e-02, 9.5409e-02, 7.3402e-03, 0.0000e+00, 0.0000e+00, 2.2609e-01,
         0.0000e+00, 2.3295e-01, 0.0000e+00, 8.7448e-04, 0.0000e+00, 0.0000e+00,
         0.0000e+00, 4.5637e-03, 0.0000e+00, 6.3914e-01, 0.0000e+00, 5.3308e-02,
         0.0000e+00, 2.0542e+00, 7.8007e-02, 6.5306e-03, 4.1476e-01, 1.4938e-01,
         3.3155e-01, 0.0000e+00, 8.7084e-02, 1.1091e-01, 1.2666e-02, 1.4039e+00,
         3.4517e-01, 1.1953e+00, 0.0000e+00, 5.4651e-01, 2.2251e-01, 3.4739e-02,
         9.4571e-01, 0.0000e+00, 6.9283e-03, 2.9519e-01, 3.9052e-02, 2.9212e-02,
         0.0000e+00, 0.0000e+00, 1.8470e+00, 1.3431e-01, 8.3417e-03, 0.0000e+00,
         2.4454e-02, 4.3854e-01, 0.0000e+00, 5.4931e-03, 0.0000e+00, 1.7982e+00,
         1.0352e+00, 1.3084e+00, 2.4959e-01, 8.5665e-02, 0.0000e+00, 2.4149e-01,
         1.7272e-01, 0.0000e+00, 5.6921e-02, 2.2095e+00, 1.0085e+00, 1.0111e-01,
         0.0000e+00, 0.0000e+00, 2.2954e-01, 0.0000e+00, 1.6715e+00, 6.4892e-01,
         1.6280e-04, 1.6568e+00, 1.0634e-01, 1.9453e-01, 5.5486e-01, 1.2994e-05,
         0.0000e+00, 2.5841e-01, 0.0000e+00, 0.0000e+00, 0.0000e+00, 0.0000e+00,
         0.0000e+00, 1.2903e+00, 0.0000e+00, 0.0000e+00, 9.6284e-01, 0.0000e+00,
         2.5110e-02, 5.5102e-01, 1.1419e-02, 0.0000e+00, 1.7489e-01, 7.1043e-03,
         3.3465e-02, 2.6010e-01, 6.6837e-02, 1.0672e-02, 3.3503e-02, 1.8002e-01,
         3.0967e-01, 7.4354e-03, 2.5349e-02, 0.0000e+00, 4.3927e-02, 0.0000e+00,
         1.4938e-02, 1.3921e-01, 1.0021e-02, 2.5306e+00, 1.6485e-01, 1.3640e-01,
         9.4649e-02, 3.0115e-01, 1.0349e-02, 1.0783e+00, 0.0000e+00, 1.8893e-01,
         1.0256e-01, 0.0000e+00, 1.6435e-02, 4.1956e-02, 5.9459e-02, 2.3598e-02,
         0.0000e+00, 1.6309e+00, 3.4966e-01, 7.2628e-03, 0.0000e+00, 6.5598e-02,
         4.5807e-02, 2.3799e-01, 3.0160e-02, 1.8241e-01, 2.3460e+00, 3.7382e-01,
         0.0000e+00, 1.1304e-01, 1.1733e-02, 0.0000e+00, 0.0000e+00, 0.0000e+00,
         6.1730e-02, 1.4797e-02, 3.0240e-02, 1.5071e+00, 7.1716e-01, 4.6094e-02,
         6.8595e-01, 3.8559e-01, 1.0937e-01, 2.6507e-01, 0.0000e+00, 5.2500e-02,
         6.6326e-02, 3.5005e-01, 2.9713e-02, 7.0101e-02, 0.0000e+00, 0.0000e+00,
         0.0000e+00, 0.0000e+00, 1.1250e+00, 2.8561e-02, 4.2474e-02, 5.1238e-02,
         0.0000e+00, 2.1085e-03, 0.0000e+00, 4.6944e-01, 2.8375e-02, 0.0000e+00,
         2.5461e+00, 3.1958e+00, 5.7998e-01, 0.0000e+00, 4.2391e-01, 1.5710e-01,
         0.0000e+00, 0.0000e+00, 0.0000e+00, 0.0000e+00, 3.1498e+00, 1.8141e-01,
         0.0000e+00, 2.2927e-01, 2.2774e+00, 0.0000e+00, 0.0000e+00, 0.0000e+00,
         2.1303e-01, 6.3622e-01, 0.0000e+00, 2.2249e-01, 0.0000e+00, 4.1827e-01,
         8.1522e-01, 0.0000e+00, 6.3427e-01, 0.0000e+00, 0.0000e+00, 0.0000e+00,
         0.0000e+00, 0.0000e+00, 2.9344e-01, 7.8614e-01, 2.2717e-01, 7.3742e-03,
         0.0000e+00, 5.7503e-01, 0.0000e+00, 0.0000e+00, 9.0238e-02, 2.4414e+00,
         0.0000e+00, 0.0000e+00, 6.5033e-02, 0.0000e+00, 4.7006e-02, 1.3210e-01,
         4.8734e-01, 2.1632e-02, 2.4422e-02, 6.9938e-03, 1.4590e+00, 3.4347e-01,
         0.0000e+00, 3.6115e-01, 0.0000e+00, 1.1470e-01, 0.0000e+00, 2.7852e-01,
         6.1845e-03, 4.4522e-01, 1.3311e+00, 0.0000e+00, 3.1511e-01, 2.3346e+00,
         1.2388e-01, 6.7014e-03, 1.0084e-01, 5.7338e-01, 2.8894e-01, 5.6436e-02,
         0.0000e+00, 5.4299e-01, 1.8626e-04, 8.5756e-03, 6.5658e-02, 0.0000e+00,
         1.2121e-01, 5.7508e-03, 0.0000e+00, 2.1023e-01, 0.0000e+00, 1.2254e+00,
         0.0000e+00, 2.9214e+00, 0.0000e+00, 2.8746e-01, 3.7177e-01, 2.2042e-02,
         9.3521e-01, 8.3360e-01, 7.6025e-01, 8.2421e-03, 2.6909e-01, 2.9088e-01,
         2.1128e-01, 0.0000e+00, 0.0000e+00, 1.6267e-01, 4.8910e-02, 0.0000e+00,
         2.8363e-01, 2.6621e-01, 0.0000e+00, 7.0143e-01, 4.1944e-01, 0.0000e+00,
         1.5029e-04, 0.0000e+00, 7.7305e-02, 7.9416e-01, 3.0095e-01, 0.0000e+00,
         1.5793e-01, 4.0237e-01, 0.0000e+00, 0.0000e+00, 0.0000e+00, 3.1715e-02,
         1.1853e-01, 1.6167e-02, 6.4772e-01, 0.0000e+00, 1.2361e+00, 3.6372e-01,
         2.5422e+00, 0.0000e+00, 2.3340e-02, 6.3456e-02, 0.0000e+00, 0.0000e+00,
         1.5036e+00, 5.3255e-03, 8.1581e-03, 0.0000e+00, 2.0301e-01, 0.0000e+00,
         2.4605e+00, 0.0000e+00, 0.0000e+00, 6.9039e-01, 1.1010e-01, 4.5328e-01,
         0.0000e+00, 3.5972e-03, 0.0000e+00, 2.2043e-02, 0.0000e+00, 0.0000e+00,
         1.3140e-03, 1.7640e+00, 0.0000e+00, 0.0000e+00, 8.0414e-03, 3.1928e-02,
         7.7873e-02, 1.7959e-01, 1.2136e+00, 7.4488e-02, 1.2233e+00, 0.0000e+00,
         0.0000e+00, 1.5465e-01, 0.0000e+00, 0.0000e+00, 4.8397e-01, 1.1287e-02,
         0.0000e+00, 2.5993e-02, 2.8590e-02, 0.0000e+00, 2.3073e-01, 6.6209e-01,
         3.9911e-01, 0.0000e+00, 3.5494e-02, 1.2276e+00, 5.0406e-03, 0.0000e+00,
         3.9808e-02, 0.0000e+00, 0.0000e+00, 7.8261e-02, 6.6541e-03, 2.0662e+00,
         0.0000e+00, 0.0000e+00, 0.0000e+00, 3.7677e-01, 0.0000e+00, 0.0000e+00,
         0.0000e+00, 0.0000e+00, 2.7991e-02, 0.0000e+00, 2.0694e+00, 0.0000e+00,
         2.7963e-02, 0.0000e+00, 0.0000e+00, 4.1460e-02, 1.5659e-01, 1.5393e-02,
         1.2715e-01, 1.8462e-01, 0.0000e+00, 0.0000e+00, 9.5282e-02, 7.6476e-01,
         5.4506e-01, 1.0182e-02, 1.7989e-01, 7.5298e-01, 0.0000e+00, 2.4687e-01,
         1.9581e+00, 1.6111e-01, 2.3260e-02, 3.7409e-01, 1.4757e+00, 8.8995e-02,
         0.0000e+00, 0.0000e+00, 0.0000e+00, 0.0000e+00, 4.8969e+00, 4.7312e-01,
         4.7577e-02, 0.0000e+00, 1.8352e-02, 1.6960e-01, 1.3472e+00, 7.1416e-02,
         4.4680e-01, 3.7068e-01, 1.8100e-01, 5.1741e-03, 3.4571e-01, 0.0000e+00,
         0.0000e+00, 2.9828e-02, 1.2073e-02, 0.0000e+00, 0.0000e+00, 6.9584e-01,
         0.0000e+00, 1.0209e+00, 8.1077e-02, 4.8974e-01, 5.5601e-02, 1.9505e+00,
         4.0576e-01, 7.7293e-01, 8.8823e-03, 0.0000e+00, 0.0000e+00, 0.0000e+00,
         5.5667e-01, 0.0000e+00, 0.0000e+00, 1.1922e-01, 0.0000e+00, 6.0451e-01,
         0.0000e+00, 1.2871e-02, 0.0000e+00, 0.0000e+00, 0.0000e+00, 9.1606e-03,
         2.7713e-01, 0.0000e+00, 0.0000e+00, 1.3646e+00, 2.2605e-02, 2.6815e-01,
         3.9392e-01, 8.6149e-03, 1.2172e+00, 7.5985e-01, 5.5913e-02, 0.0000e+00,
         1.7193e-02, 1.0288e-01, 0.0000e+00, 6.2407e-01, 0.0000e+00, 1.0388e-01,
         1.0087e-02, 0.0000e+00, 0.0000e+00, 4.2759e-01, 0.0000e+00, 4.7645e-03,
         0.0000e+00, 8.5389e-04, 5.9194e-01, 0.0000e+00, 1.3362e-01, 1.2996e-02,
         1.5128e-02, 8.0855e-02, 0.0000e+00, 2.6898e-01, 0.0000e+00, 1.3044e+00,
         4.2432e-03, 0.0000e+00, 5.4167e-01, 0.0000e+00, 2.2588e-02, 1.1334e+00,
         4.5147e-01, 0.0000e+00, 4.7339e-02, 1.5433e-01, 1.4707e-02, 3.8115e-01,
         8.9064e-02, 0.0000e+00]], device='cuda:0')
first test embedding list
[0.005312302615493536, 0.1851668804883957, 0.042769819498062134, 0.0, 0.0, 0.0, 0.2892305254936218, 0.0, 0.0, 0.053645435720682144, 0.0771818533539772, 0.4547613263130188, 0.0, 0.40436962246894836, 0.0, 0.309164434671402, 0.011965026147663593, 0.05252501368522644, 0.075238898396492, 0.09540880471467972, 0.007340164855122566, 0.0, 0.0, 0.22608616948127747, 0.0, 0.23295263946056366, 0.0, 0.0008744830847717822, 0.0, 0.0, 0.0, 0.004563730675727129, 0.0, 0.6391413807868958, 0.0, 0.0533079169690609, 0.0, 2.054236650466919, 0.07800702750682831, 0.006530648563057184, 0.41476041078567505, 0.14937955141067505, 0.33154988288879395, 0.0, 0.08708350360393524, 0.11090739816427231, 0.012666176073253155, 1.4039430618286133, 0.34517422318458557, 1.1952804327011108, 0.0, 0.5465131998062134, 0.22251462936401367, 0.03473903238773346, 0.9457108378410339, 0.0, 0.0069282688200473785, 0.2951902747154236, 0.039051998406648636, 0.02921196259558201, 0.0, 0.0, 1.8469558954238892, 0.13431261479854584, 0.008341733366250992, 0.0, 0.024454418569803238, 0.4385363459587097, 0.0, 0.005493149161338806, 0.0, 1.7982258796691895, 1.0351547002792358, 1.308414340019226, 0.2495892345905304, 0.0856645405292511, 0.0, 0.24148738384246826, 0.17272379994392395, 0.0, 0.05692113935947418, 2.2095396518707275, 1.0085225105285645, 0.10111386328935623, 0.0, 0.0, 0.22953681647777557, 0.0, 1.6715199947357178, 0.6489234566688538, 0.00016280369891319424, 1.656814694404602, 0.10634439438581467, 0.19452546536922455, 0.5548603534698486, 1.2993840755370911e-05, 0.0, 0.25840651988983154, 0.0, 0.0, 0.0, 0.0, 0.0, 1.2902923822402954, 0.0, 0.0, 0.9628393650054932, 0.0, 0.02510972134768963, 0.5510156750679016, 0.01141895167529583, 0.0, 0.17489264905452728, 0.007104306016117334, 0.03346480429172516, 0.2601031959056854, 0.0668368935585022, 0.010672196745872498, 0.033502694219350815, 0.18001964688301086, 0.30967023968696594, 0.007435416337102652, 0.025349266827106476, 0.0, 0.04392731189727783, 0.0, 0.014937818050384521, 0.13921120762825012, 0.010020766407251358, 2.530596971511841, 0.16484925150871277, 0.1363978236913681, 0.09464878588914871, 0.30115288496017456, 0.010349358431994915, 1.0783038139343262, 0.0, 0.18893153965473175, 0.10256126523017883, 0.0, 0.01643519289791584, 0.04195569083094597, 0.0594591461122036, 0.02359810099005699, 0.0, 1.6309373378753662, 0.3496566712856293, 0.007262849714607, 0.0, 0.06559792160987854, 0.045806948095560074, 0.2379913330078125, 0.030160244554281235, 0.18240757286548615, 2.345989465713501, 0.37382227182388306, 0.0, 0.11304255574941635, 0.011732833459973335, 0.0, 0.0, 0.0, 0.06173024699091911, 0.014796716161072254, 0.030240492895245552, 1.5071032047271729, 0.7171601057052612, 0.046094272285699844, 0.6859467029571533, 0.3855859637260437, 0.10937386751174927, 0.2650710940361023, 0.0, 0.052499886602163315, 0.06632640212774277, 0.350048303604126, 0.029712634161114693, 0.07010092586278915, 0.0, 0.0, 0.0, 0.0, 1.1249593496322632, 0.028561195358633995, 0.04247427359223366, 0.051237620413303375, 0.0, 0.0021084535401314497, 0.0, 0.4694359600543976, 0.028374560177326202, 0.0, 2.5461161136627197, 3.1957786083221436, 0.5799800157546997, 0.0, 0.42391178011894226, 0.15709896385669708, 0.0, 0.0, 0.0, 0.0, 3.1497976779937744, 0.181413933634758, 0.0, 0.229269340634346, 2.2773523330688477, 0.0, 0.0, 0.0, 0.2130337655544281, 0.6362169981002808, 0.0, 0.22249212861061096, 0.0, 0.4182727038860321, 0.8152186870574951, 0.0, 0.6342740654945374, 0.0, 0.0, 0.0, 0.0, 0.0, 0.29344481229782104, 0.7861354351043701, 0.22717462480068207, 0.007374151609838009, 0.0, 0.5750324726104736, 0.0, 0.0, 0.09023835510015488, 2.441352128982544, 0.0, 0.0, 0.06503275781869888, 0.0, 0.047006040811538696, 0.13209842145442963, 0.48733946681022644, 0.021631522104144096, 0.02442198246717453, 0.006993804592639208, 1.4589543342590332, 0.34346866607666016, 0.0, 0.3611457049846649, 0.0, 0.11469689011573792, 0.0, 0.27852290868759155, 0.006184517405927181, 0.4452192783355713, 1.331130027770996, 0.0, 0.3151072561740875, 2.3346433639526367, 0.12388277798891068, 0.0067013888619840145, 0.10083850473165512, 0.5733847618103027, 0.2889444828033447, 0.056436069309711456, 0.0, 0.5429912209510803, 0.00018625720986165106, 0.008575628511607647, 0.06565790623426437, 0.0, 0.12121070921421051, 0.0057508209720253944, 0.0, 0.2102324217557907, 0.0, 1.225390911102295, 0.0, 2.921367883682251, 0.0, 0.28746291995048523, 0.3717690110206604, 0.02204204723238945, 0.9352067112922668, 0.8335991501808167, 0.7602498531341553, 0.008242092095315456, 0.2690945267677307, 0.2908822000026703, 0.21127742528915405, 0.0, 0.0, 0.16266508400440216, 0.048909544944763184, 0.0, 0.28362560272216797, 0.2662118971347809, 0.0, 0.7014317512512207, 0.4194366931915283, 0.0, 0.00015028771304059774, 0.0, 0.07730495929718018, 0.7941557765007019, 0.3009503483772278, 0.0, 0.15793465077877045, 0.4023660719394684, 0.0, 0.0, 0.0, 0.0317145474255085, 0.11852682381868362, 0.016167007386684418, 0.6477195620536804, 0.0, 1.2361177206039429, 0.3637244403362274, 2.542200803756714, 0.0, 0.02333950065076351, 0.06345591694116592, 0.0, 0.0, 1.5036489963531494, 0.005325519945472479, 0.008158071897923946, 0.0, 0.20300957560539246, 0.0, 2.460491418838501, 0.0, 0.0, 0.690394401550293, 0.1100989356637001, 0.45328453183174133, 0.0, 0.0035972080659121275, 0.0, 0.022043444216251373, 0.0, 0.0, 0.0013140406226739287, 1.7639797925949097, 0.0, 0.0, 0.008041445165872574, 0.03192830830812454, 0.0778733342885971, 0.17958827316761017, 1.2136248350143433, 0.07448790967464447, 1.2233425378799438, 0.0, 0.0, 0.154648095369339, 0.0, 0.0, 0.48397383093833923, 0.011287345550954342, 0.0, 0.025992615148425102, 0.0285904873162508, 0.0, 0.23072941601276398, 0.6620928645133972, 0.3991140127182007, 0.0, 0.0354941189289093, 1.2275842428207397, 0.005040608812123537, 0.0, 0.039808180183172226, 0.0, 0.0, 0.07826083153486252, 0.0066540963016450405, 2.066192626953125, 0.0, 0.0, 0.0, 0.37676772475242615, 0.0, 0.0, 0.0, 0.0, 0.027990978211164474, 0.0, 2.069356679916382, 0.0, 0.027962559834122658, 0.0, 0.0, 0.041460148990154266, 0.15658678114414215, 0.015393044799566269, 0.1271476000547409, 0.1846216470003128, 0.0, 0.0, 0.09528164565563202, 0.7647649049758911, 0.5450591444969177, 0.010181848891079426, 0.17989251017570496, 0.7529842257499695, 0.0, 0.2468656301498413, 1.958073616027832, 0.16111113131046295, 0.02325969934463501, 0.37408843636512756, 1.475740671157837, 0.08899492025375366, 0.0, 0.0, 0.0, 0.0, 4.896877765655518, 0.4731175899505615, 0.04757723584771156, 0.0, 0.01835153065621853, 0.1695985496044159, 1.3472096920013428, 0.07141648977994919, 0.4467988908290863, 0.3706797659397125, 0.1810040920972824, 0.0051741041243076324, 0.3457138240337372, 0.0, 0.0, 0.029827628284692764, 0.012073461897671223, 0.0, 0.0, 0.6958386898040771, 0.0, 1.0209444761276245, 0.0810767412185669, 0.4897378981113434, 0.05560128390789032, 1.9505205154418945, 0.405764639377594, 0.77293461561203, 0.008882345631718636, 0.0, 0.0, 0.0, 0.5566704273223877, 0.0, 0.0, 0.11922086030244827, 0.0, 0.6045080423355103, 0.0, 0.012871316634118557, 0.0, 0.0, 0.0, 0.009160619229078293, 0.27712687849998474, 0.0, 0.0, 1.3645800352096558, 0.02260458469390869, 0.26815125346183777, 0.39391571283340454, 0.008614882826805115, 1.2171703577041626, 0.7598523497581482, 0.05591325834393501, 0.0, 0.017192959785461426, 0.10287931561470032, 0.0, 0.6240731477737427, 0.0, 0.10388312488794327, 0.010087213478982449, 0.0, 0.0, 0.4275948107242584, 0.0, 0.004764491226524115, 0.0, 0.0008538870024494827, 0.5919385552406311, 0.0, 0.1336195021867752, 0.012995900586247444, 0.015127790160477161, 0.08085547387599945, 0.0, 0.2689804434776306, 0.0, 1.304404854774475, 0.00424317317083478, 0.0, 0.5416716933250427, 0.0, 0.022588109597563744, 1.1333751678466797, 0.45147183537483215, 0.0, 0.047339048236608505, 0.1543257236480713, 0.014706668443977833, 0.3811495304107666, 0.08906356245279312, 0.0]
test embeddings dataframe
                                             Image Path  ...  test_80_20
0     ../../../Images/test/No Blur/Pickup_test_orig_...  ...           1
1     ../../../Images/test/No Blur/SUV_test_orig_tes...  ...           1
2     ../../../Images/test/No Blur/Convertible_test_...  ...           1
3     ../../../Images/test/No Blur/Convertible_test_...  ...           1
4     ../../../Images/test/No Blur/Sedan_test_orig_t...  ...           1
...                                                 ...  ...         ...
1651  ../../../Images/test/No Blur/Sedan_test_orig_t...  ...           1
1652  ../../../Images/test/No Blur/SUV_test_orig_tes...  ...           1
1653  ../../../Images/test/No Blur/Sedan_test_orig_t...  ...           1
1654  ../../../Images/test/No Blur/Sedan_test_orig_t...  ...           1
1655  ../../../Images/test/No Blur/SUV_test_orig_tes...  ...           1

[1656 rows x 514 columns]
concatenated embeddings dataframe
                                             Image Path  ...  test_80_20
0     ../../../Images/train/No Blur/Sedan_train_orig...  ...           0
1     ../../../Images/train/No Blur/SUV_train_orig_t...  ...           0
2     ../../../Images/train/No Blur/Convertible_trai...  ...           0
3     ../../../Images/train/No Blur/Pickup_train_ori...  ...           0
4     ../../../Images/train/No Blur/SUV_train_orig_t...  ...           0
...                                                 ...  ...         ...
8247  ../../../Images/test/No Blur/Sedan_test_orig_t...  ...           1
8248  ../../../Images/test/No Blur/SUV_test_orig_tes...  ...           1
8249  ../../../Images/test/No Blur/Sedan_test_orig_t...  ...           1
8250  ../../../Images/test/No Blur/Sedan_test_orig_t...  ...           1
8251  ../../../Images/test/No Blur/SUV_test_orig_tes...  ...           1

[8252 rows x 514 columns]
1031
1032
1031
1032
1031
1032
1031
1032
length check
8252
8252
Time taken (in minutes): 1.1180952866872151
Time per image (in minutes): 0.00013549385442162084
Time elapsed: 1 minute(s).
