Error: Unable to read image at path '../../../Images/single class samples/Blur'
number of CPUs: 48
first train image path
../../../Images/train/Blurred/Convertible_train_orig_train_00272_resized_blurred.jpg
first test image path
../../../Images/test/Blurred/Sedan_test_orig_train_03506_resized_blurred.jpg
value counts of test_80_20
test_80_20
0    6596
1    1656
Name: count, dtype: int64
Radii
[3, 3, 3, 3, 3]
8252
first and second feature vector
[0.02642822 0.020401   0.01644897 0.01263428 0.01089478 0.00918579
 0.0085144  0.01165771 0.01422119 0.01794434 0.02455139 0.05636597
 0.13778687 0.13467407 0.02990723 0.02676392 0.01246643 0.01370239
 0.0088501  0.00917053 0.00939941 0.01091003 0.01461792 0.01957703
 0.34292603]
[0.03875732 0.02391052 0.01683044 0.01423645 0.01132202 0.00994873
 0.01042175 0.01173401 0.01489258 0.01992798 0.02664185 0.05157471
 0.08076477 0.06202698 0.03056335 0.02560425 0.01568604 0.01473999
 0.01097107 0.01100159 0.01142883 0.01605225 0.0188446  0.02233887
 0.42977905]
length of first feature vector
25
                                          Image Path  ...    LBP_24
0  ../../../Images/train/Blurred/Convertible_trai...  ...  0.342926
1  ../../../Images/train/Blurred/SUV_train_orig_t...  ...  0.429779
2  ../../../Images/train/Blurred/Convertible_trai...  ...  0.454559
3  ../../../Images/train/Blurred/Sedan_train_orig...  ...  0.450439
4  ../../../Images/train/Blurred/Sedan_train_orig...  ...  0.550018

[5 rows x 27 columns]
length check passed
True
Time taken (in minutes): 0.5635175267855327
Time per image (in minutes): 6.828859994977372e-05
Time elapsed: 1 minute(s).
