Starting Job
Warning: path already exists! This predictor may overwrite an existing predictor! path="../../../Output/Classifier Fitting/Autogluon/Autogluon_Tabular_Only_SCF_Medium_Presets_Top3"
Presets specified: ['medium_quality']
Warning: Training may take a very long time because `time_limit` was not specified and `train_data` is large (6003 samples, 63.1 MB).
	Consider setting `time_limit` to ensure training finishes within an expected duration or experiment with a small portion of `train_data` to identify an ideal `presets` and `hyperparameters` configuration.
Beginning AutoGluon training ...
AutoGluon will save models to "../../../Output/Classifier Fitting/Autogluon/Autogluon_Tabular_Only_SCF_Medium_Presets_Top3"
=================== System Info ===================
AutoGluon Version:  1.0.0
Python Version:     3.11.8
Operating System:   Linux
Platform Machine:   x86_64
Platform Version:   #96-Ubuntu SMP Wed Sep 20 08:23:49 UTC 2023
CPU Count:          96
Memory Avail:       734.80 GB / 754.55 GB (97.4%)
Disk Space Avail:   51137.57 GB / 66849.25 GB (76.5%)
===================================================
Train Data Rows:    6003
Train Data Columns: 1305
Label Column:       Class
AutoGluon infers your prediction problem is: 'multiclass' (because dtype of label-column == object).
	4 unique label values:  ['Sedan', 'SUV', 'Pickup', 'Convertible']
	If 'multiclass' is not the correct problem_type, please manually specify the problem_type parameter during predictor init (You may specify problem_type as one of: ['binary', 'multiclass', 'regression'])
Problem Type:       multiclass
Preprocessing data ...
/scratch/users/ijyliu/conda/envs/scf_general/lib/python3.11/site-packages/autogluon/tabular/learner/default_learner.py:189: FutureWarning: A value is trying to be set on a copy of a DataFrame or Series through chained assignment using an inplace method.
The behavior will change in pandas 3.0. This inplace method will never work because the intermediate object on which we are setting values always behaves as a copy.

For example, when doing 'df[col].method(value, inplace=True)', try using 'df.method({col: value}, inplace=True)' or df[col] = df[col].method(value) instead, to perform the operation inplace on the original object.


  X[self.label].replace([np.inf, -np.inf], np.nan, inplace=True)
Train Data Class Count: 4
Using Feature Generators to preprocess the data ...
Fitting AutoMLPipelineFeatureGenerator...
	Available Memory:                    752410.03 MB
	Train Data (Original)  Memory Usage: 59.77 MB (0.0% of available memory)
	Inferring data type of each feature based on column values. Set feature_metadata_in to manually specify special dtypes of the features.
	Stage 1 Generators:
		Fitting AsTypeFeatureGenerator...
	Stage 2 Generators:
		Fitting FillNaFeatureGenerator...
	Stage 3 Generators:
		Fitting IdentityFeatureGenerator...
	Stage 4 Generators:
		Fitting DropUniqueFeatureGenerator...
	Stage 5 Generators:
		Fitting DropDuplicatesFeatureGenerator...
	Types of features in original data (raw dtype, special dtypes):
		('float', []) : 537 | ['LBP_0', 'LBP_1', 'LBP_2', 'LBP_3', 'LBP_4', ...]
		('int', [])   : 768 | ['HSV_0', 'HSV_1', 'HSV_2', 'HSV_3', 'HSV_4', ...]
	Types of features in processed data (raw dtype, special dtypes):
		('float', []) : 537 | ['LBP_0', 'LBP_1', 'LBP_2', 'LBP_3', 'LBP_4', ...]
		('int', [])   : 768 | ['HSV_0', 'HSV_1', 'HSV_2', 'HSV_3', 'HSV_4', ...]
	1.4s = Fit runtime
	1305 features in original data used to generate 1305 features in processed data.
	Train Data (Processed) Memory Usage: 59.77 MB (0.0% of available memory)
Data preprocessing and feature engineering runtime = 1.6s ...
AutoGluon will gauge predictive performance using evaluation metric: 'accuracy'
	To change this, specify the eval_metric parameter of Predictor()
Automatically generating train/validation split with holdout_frac=0.1, Train Rows: 5402, Val Rows: 601
User-specified model hyperparameters to be fit:
{
	'NN_TORCH': {},
	'GBM': [{'extra_trees': True, 'ag_args': {'name_suffix': 'XT'}}, {}, 'GBMLarge'],
	'CAT': {},
	'XGB': {},
	'FASTAI': {},
	'RF': [{'criterion': 'gini', 'ag_args': {'name_suffix': 'Gini', 'problem_types': ['binary', 'multiclass']}}, {'criterion': 'entropy', 'ag_args': {'name_suffix': 'Entr', 'problem_types': ['binary', 'multiclass']}}, {'criterion': 'squared_error', 'ag_args': {'name_suffix': 'MSE', 'problem_types': ['regression', 'quantile']}}],
	'XT': [{'criterion': 'gini', 'ag_args': {'name_suffix': 'Gini', 'problem_types': ['binary', 'multiclass']}}, {'criterion': 'entropy', 'ag_args': {'name_suffix': 'Entr', 'problem_types': ['binary', 'multiclass']}}, {'criterion': 'squared_error', 'ag_args': {'name_suffix': 'MSE', 'problem_types': ['regression', 'quantile']}}],
	'KNN': [{'weights': 'uniform', 'ag_args': {'name_suffix': 'Unif'}}, {'weights': 'distance', 'ag_args': {'name_suffix': 'Dist'}}],
}
Excluded models: ['KNN'] (Specified by `excluded_model_types`)
Fitting 11 L1 models ...
Fitting model: NeuralNetFastAI ...
	0.8602	 = Validation score   (accuracy)
	40.46s	 = Training   runtime
	0.07s	 = Validation runtime
Fitting model: LightGBMXT ...
	0.8752	 = Validation score   (accuracy)
	120.07s	 = Training   runtime
	0.03s	 = Validation runtime
Fitting model: LightGBM ...
	0.8719	 = Validation score   (accuracy)
	130.57s	 = Training   runtime
	0.03s	 = Validation runtime
Fitting model: RandomForestGini ...
	0.7737	 = Validation score   (accuracy)
	4.56s	 = Training   runtime
	0.05s	 = Validation runtime
Fitting model: RandomForestEntr ...
	0.772	 = Validation score   (accuracy)
	5.31s	 = Training   runtime
	0.05s	 = Validation runtime
Fitting model: CatBoost ...
TBB Warning: The number of workers is currently limited to 15. The request for 95 workers is ignored. Further requests for more workers will be silently ignored until the limit changes.

	Many features detected (1305), dynamically setting 'colsample_bylevel' to 0.7662835249042146 to speed up training (Default = 1).
	To disable this functionality, explicitly specify 'colsample_bylevel' in the model hyperparameters.
	0.8586	 = Validation score   (accuracy)
	304.4s	 = Training   runtime
	0.04s	 = Validation runtime
Fitting model: ExtraTreesGini ...
	0.7438	 = Validation score   (accuracy)
	1.39s	 = Training   runtime
	0.05s	 = Validation runtime
Fitting model: ExtraTreesEntr ...
	0.7321	 = Validation score   (accuracy)
	1.32s	 = Training   runtime
	0.05s	 = Validation runtime
Fitting model: XGBoost ...
	0.8536	 = Validation score   (accuracy)
	261.57s	 = Training   runtime
	0.07s	 = Validation runtime
Fitting model: NeuralNetTorch ...
	0.822	 = Validation score   (accuracy)
	119.61s	 = Training   runtime
	0.57s	 = Validation runtime
Fitting model: LightGBMLarge ...
	0.8453	 = Validation score   (accuracy)
	257.0s	 = Training   runtime
	0.03s	 = Validation runtime
Fitting model: WeightedEnsemble_L2 ...
	Ensemble Weights: {'LightGBMXT': 0.25, 'ExtraTreesGini': 0.25, 'CatBoost': 0.2, 'NeuralNetFastAI': 0.1, 'ExtraTreesEntr': 0.1, 'LightGBM': 0.05, 'NeuralNetTorch': 0.05}
	0.8918	 = Validation score   (accuracy)
	0.51s	 = Training   runtime
	0.0s	 = Validation runtime
AutoGluon training complete, total runtime = 1254.11s ... Best model: "WeightedEnsemble_L2"
TabularPredictor saved. To load, use: predictor = TabularPredictor.load("../../../Output/Classifier Fitting/Autogluon/Autogluon_Tabular_Only_SCF_Medium_Presets_Top3")
all training data
      Class  ... VGG_Embedding_Element_511
0     Sedan  ...                  0.000000
1       SUV  ...                  0.541119
2     Sedan  ...                  0.000000
3     Sedan  ...                  0.063123
4     Sedan  ...                  0.072161
..      ...  ...                       ...
370   Sedan  ...                  0.000000
371  Pickup  ...                  0.140817
372   Sedan  ...                  0.062028
373   Sedan  ...                  0.002272
374     SUV  ...                  0.063276

[6003 rows x 1309 columns]
column names
Class
harmonized_filename
image_path_blur
image_path_no_blur
HSV_0
HSV_1
HSV_2
HSV_3
HSV_4
HSV_5
HSV_6
HSV_7
HSV_8
HSV_9
HSV_10
HSV_11
HSV_12
HSV_13
HSV_14
HSV_15
HSV_16
HSV_17
HSV_18
HSV_19
HSV_20
HSV_21
HSV_22
HSV_23
HSV_24
HSV_25
HSV_26
HSV_27
HSV_28
HSV_29
HSV_30
HSV_31
HSV_32
HSV_33
HSV_34
HSV_35
HSV_36
HSV_37
HSV_38
HSV_39
HSV_40
HSV_41
HSV_42
HSV_43
HSV_44
HSV_45
HSV_46
HSV_47
HSV_48
HSV_49
HSV_50
HSV_51
HSV_52
HSV_53
HSV_54
HSV_55
HSV_56
HSV_57
HSV_58
HSV_59
HSV_60
HSV_61
HSV_62
HSV_63
HSV_64
HSV_65
HSV_66
HSV_67
HSV_68
HSV_69
HSV_70
HSV_71
HSV_72
HSV_73
HSV_74
HSV_75
HSV_76
HSV_77
HSV_78
HSV_79
HSV_80
HSV_81
HSV_82
HSV_83
HSV_84
HSV_85
HSV_86
HSV_87
HSV_88
HSV_89
HSV_90
HSV_91
HSV_92
HSV_93
HSV_94
HSV_95
HSV_96
HSV_97
HSV_98
HSV_99
HSV_100
HSV_101
HSV_102
HSV_103
HSV_104
HSV_105
HSV_106
HSV_107
HSV_108
HSV_109
HSV_110
HSV_111
HSV_112
HSV_113
HSV_114
HSV_115
HSV_116
HSV_117
HSV_118
HSV_119
HSV_120
HSV_121
HSV_122
HSV_123
HSV_124
HSV_125
HSV_126
HSV_127
HSV_128
HSV_129
HSV_130
HSV_131
HSV_132
HSV_133
HSV_134
HSV_135
HSV_136
HSV_137
HSV_138
HSV_139
HSV_140
HSV_141
HSV_142
HSV_143
HSV_144
HSV_145
HSV_146
HSV_147
HSV_148
HSV_149
HSV_150
HSV_151
HSV_152
HSV_153
HSV_154
HSV_155
HSV_156
HSV_157
HSV_158
HSV_159
HSV_160
HSV_161
HSV_162
HSV_163
HSV_164
HSV_165
HSV_166
HSV_167
HSV_168
HSV_169
HSV_170
HSV_171
HSV_172
HSV_173
HSV_174
HSV_175
HSV_176
HSV_177
HSV_178
HSV_179
HSV_180
HSV_181
HSV_182
HSV_183
HSV_184
HSV_185
HSV_186
HSV_187
HSV_188
HSV_189
HSV_190
HSV_191
HSV_192
HSV_193
HSV_194
HSV_195
HSV_196
HSV_197
HSV_198
HSV_199
HSV_200
HSV_201
HSV_202
HSV_203
HSV_204
HSV_205
HSV_206
HSV_207
HSV_208
HSV_209
HSV_210
HSV_211
HSV_212
HSV_213
HSV_214
HSV_215
HSV_216
HSV_217
HSV_218
HSV_219
HSV_220
HSV_221
HSV_222
HSV_223
HSV_224
HSV_225
HSV_226
HSV_227
HSV_228
HSV_229
HSV_230
HSV_231
HSV_232
HSV_233
HSV_234
HSV_235
HSV_236
HSV_237
HSV_238
HSV_239
HSV_240
HSV_241
HSV_242
HSV_243
HSV_244
HSV_245
HSV_246
HSV_247
HSV_248
HSV_249
HSV_250
HSV_251
HSV_252
HSV_253
HSV_254
HSV_255
HSV_256
HSV_257
HSV_258
HSV_259
HSV_260
HSV_261
HSV_262
HSV_263
HSV_264
HSV_265
HSV_266
HSV_267
HSV_268
HSV_269
HSV_270
HSV_271
HSV_272
HSV_273
HSV_274
HSV_275
HSV_276
HSV_277
HSV_278
HSV_279
HSV_280
HSV_281
HSV_282
HSV_283
HSV_284
HSV_285
HSV_286
HSV_287
HSV_288
HSV_289
HSV_290
HSV_291
HSV_292
HSV_293
HSV_294
HSV_295
HSV_296
HSV_297
HSV_298
HSV_299
HSV_300
HSV_301
HSV_302
HSV_303
HSV_304
HSV_305
HSV_306
HSV_307
HSV_308
HSV_309
HSV_310
HSV_311
HSV_312
HSV_313
HSV_314
HSV_315
HSV_316
HSV_317
HSV_318
HSV_319
HSV_320
HSV_321
HSV_322
HSV_323
HSV_324
HSV_325
HSV_326
HSV_327
HSV_328
HSV_329
HSV_330
HSV_331
HSV_332
HSV_333
HSV_334
HSV_335
HSV_336
HSV_337
HSV_338
HSV_339
HSV_340
HSV_341
HSV_342
HSV_343
HSV_344
HSV_345
HSV_346
HSV_347
HSV_348
HSV_349
HSV_350
HSV_351
HSV_352
HSV_353
HSV_354
HSV_355
HSV_356
HSV_357
HSV_358
HSV_359
HSV_360
HSV_361
HSV_362
HSV_363
HSV_364
HSV_365
HSV_366
HSV_367
HSV_368
HSV_369
HSV_370
HSV_371
HSV_372
HSV_373
HSV_374
HSV_375
HSV_376
HSV_377
HSV_378
HSV_379
HSV_380
HSV_381
HSV_382
HSV_383
HSV_384
HSV_385
HSV_386
HSV_387
HSV_388
HSV_389
HSV_390
HSV_391
HSV_392
HSV_393
HSV_394
HSV_395
HSV_396
HSV_397
HSV_398
HSV_399
HSV_400
HSV_401
HSV_402
HSV_403
HSV_404
HSV_405
HSV_406
HSV_407
HSV_408
HSV_409
HSV_410
HSV_411
HSV_412
HSV_413
HSV_414
HSV_415
HSV_416
HSV_417
HSV_418
HSV_419
HSV_420
HSV_421
HSV_422
HSV_423
HSV_424
HSV_425
HSV_426
HSV_427
HSV_428
HSV_429
HSV_430
HSV_431
HSV_432
HSV_433
HSV_434
HSV_435
HSV_436
HSV_437
HSV_438
HSV_439
HSV_440
HSV_441
HSV_442
HSV_443
HSV_444
HSV_445
HSV_446
HSV_447
HSV_448
HSV_449
HSV_450
HSV_451
HSV_452
HSV_453
HSV_454
HSV_455
HSV_456
HSV_457
HSV_458
HSV_459
HSV_460
HSV_461
HSV_462
HSV_463
HSV_464
HSV_465
HSV_466
HSV_467
HSV_468
HSV_469
HSV_470
HSV_471
HSV_472
HSV_473
HSV_474
HSV_475
HSV_476
HSV_477
HSV_478
HSV_479
HSV_480
HSV_481
HSV_482
HSV_483
HSV_484
HSV_485
HSV_486
HSV_487
HSV_488
HSV_489
HSV_490
HSV_491
HSV_492
HSV_493
HSV_494
HSV_495
HSV_496
HSV_497
HSV_498
HSV_499
HSV_500
HSV_501
HSV_502
HSV_503
HSV_504
HSV_505
HSV_506
HSV_507
HSV_508
HSV_509
HSV_510
HSV_511
HSV_512
HSV_513
HSV_514
HSV_515
HSV_516
HSV_517
HSV_518
HSV_519
HSV_520
HSV_521
HSV_522
HSV_523
HSV_524
HSV_525
HSV_526
HSV_527
HSV_528
HSV_529
HSV_530
HSV_531
HSV_532
HSV_533
HSV_534
HSV_535
HSV_536
HSV_537
HSV_538
HSV_539
HSV_540
HSV_541
HSV_542
HSV_543
HSV_544
HSV_545
HSV_546
HSV_547
HSV_548
HSV_549
HSV_550
HSV_551
HSV_552
HSV_553
HSV_554
HSV_555
HSV_556
HSV_557
HSV_558
HSV_559
HSV_560
HSV_561
HSV_562
HSV_563
HSV_564
HSV_565
HSV_566
HSV_567
HSV_568
HSV_569
HSV_570
HSV_571
HSV_572
HSV_573
HSV_574
HSV_575
HSV_576
HSV_577
HSV_578
HSV_579
HSV_580
HSV_581
HSV_582
HSV_583
HSV_584
HSV_585
HSV_586
HSV_587
HSV_588
HSV_589
HSV_590
HSV_591
HSV_592
HSV_593
HSV_594
HSV_595
HSV_596
HSV_597
HSV_598
HSV_599
HSV_600
HSV_601
HSV_602
HSV_603
HSV_604
HSV_605
HSV_606
HSV_607
HSV_608
HSV_609
HSV_610
HSV_611
HSV_612
HSV_613
HSV_614
HSV_615
HSV_616
HSV_617
HSV_618
HSV_619
HSV_620
HSV_621
HSV_622
HSV_623
HSV_624
HSV_625
HSV_626
HSV_627
HSV_628
HSV_629
HSV_630
HSV_631
HSV_632
HSV_633
HSV_634
HSV_635
HSV_636
HSV_637
HSV_638
HSV_639
HSV_640
HSV_641
HSV_642
HSV_643
HSV_644
HSV_645
HSV_646
HSV_647
HSV_648
HSV_649
HSV_650
HSV_651
HSV_652
HSV_653
HSV_654
HSV_655
HSV_656
HSV_657
HSV_658
HSV_659
HSV_660
HSV_661
HSV_662
HSV_663
HSV_664
HSV_665
HSV_666
HSV_667
HSV_668
HSV_669
HSV_670
HSV_671
HSV_672
HSV_673
HSV_674
HSV_675
HSV_676
HSV_677
HSV_678
HSV_679
HSV_680
HSV_681
HSV_682
HSV_683
HSV_684
HSV_685
HSV_686
HSV_687
HSV_688
HSV_689
HSV_690
HSV_691
HSV_692
HSV_693
HSV_694
HSV_695
HSV_696
HSV_697
HSV_698
HSV_699
HSV_700
HSV_701
HSV_702
HSV_703
HSV_704
HSV_705
HSV_706
HSV_707
HSV_708
HSV_709
HSV_710
HSV_711
HSV_712
HSV_713
HSV_714
HSV_715
HSV_716
HSV_717
HSV_718
HSV_719
HSV_720
HSV_721
HSV_722
HSV_723
HSV_724
HSV_725
HSV_726
HSV_727
HSV_728
HSV_729
HSV_730
HSV_731
HSV_732
HSV_733
HSV_734
HSV_735
HSV_736
HSV_737
HSV_738
HSV_739
HSV_740
HSV_741
HSV_742
HSV_743
HSV_744
HSV_745
HSV_746
HSV_747
HSV_748
HSV_749
HSV_750
HSV_751
HSV_752
HSV_753
HSV_754
HSV_755
HSV_756
HSV_757
HSV_758
HSV_759
HSV_760
HSV_761
HSV_762
HSV_763
HSV_764
HSV_765
HSV_766
HSV_767
LBP_0
LBP_1
LBP_2
LBP_3
LBP_4
LBP_5
LBP_6
LBP_7
LBP_8
LBP_9
LBP_10
LBP_11
LBP_12
LBP_13
LBP_14
LBP_15
LBP_16
LBP_17
LBP_18
LBP_19
LBP_20
LBP_21
LBP_22
LBP_23
LBP_24
VGG_Embedding_Element_0
VGG_Embedding_Element_1
VGG_Embedding_Element_2
VGG_Embedding_Element_3
VGG_Embedding_Element_4
VGG_Embedding_Element_5
VGG_Embedding_Element_6
VGG_Embedding_Element_7
VGG_Embedding_Element_8
VGG_Embedding_Element_9
VGG_Embedding_Element_10
VGG_Embedding_Element_11
VGG_Embedding_Element_12
VGG_Embedding_Element_13
VGG_Embedding_Element_14
VGG_Embedding_Element_15
VGG_Embedding_Element_16
VGG_Embedding_Element_17
VGG_Embedding_Element_18
VGG_Embedding_Element_19
VGG_Embedding_Element_20
VGG_Embedding_Element_21
VGG_Embedding_Element_22
VGG_Embedding_Element_23
VGG_Embedding_Element_24
VGG_Embedding_Element_25
VGG_Embedding_Element_26
VGG_Embedding_Element_27
VGG_Embedding_Element_28
VGG_Embedding_Element_29
VGG_Embedding_Element_30
VGG_Embedding_Element_31
VGG_Embedding_Element_32
VGG_Embedding_Element_33
VGG_Embedding_Element_34
VGG_Embedding_Element_35
VGG_Embedding_Element_36
VGG_Embedding_Element_37
VGG_Embedding_Element_38
VGG_Embedding_Element_39
VGG_Embedding_Element_40
VGG_Embedding_Element_41
VGG_Embedding_Element_42
VGG_Embedding_Element_43
VGG_Embedding_Element_44
VGG_Embedding_Element_45
VGG_Embedding_Element_46
VGG_Embedding_Element_47
VGG_Embedding_Element_48
VGG_Embedding_Element_49
VGG_Embedding_Element_50
VGG_Embedding_Element_51
VGG_Embedding_Element_52
VGG_Embedding_Element_53
VGG_Embedding_Element_54
VGG_Embedding_Element_55
VGG_Embedding_Element_56
VGG_Embedding_Element_57
VGG_Embedding_Element_58
VGG_Embedding_Element_59
VGG_Embedding_Element_60
VGG_Embedding_Element_61
VGG_Embedding_Element_62
VGG_Embedding_Element_63
VGG_Embedding_Element_64
VGG_Embedding_Element_65
VGG_Embedding_Element_66
VGG_Embedding_Element_67
VGG_Embedding_Element_68
VGG_Embedding_Element_69
VGG_Embedding_Element_70
VGG_Embedding_Element_71
VGG_Embedding_Element_72
VGG_Embedding_Element_73
VGG_Embedding_Element_74
VGG_Embedding_Element_75
VGG_Embedding_Element_76
VGG_Embedding_Element_77
VGG_Embedding_Element_78
VGG_Embedding_Element_79
VGG_Embedding_Element_80
VGG_Embedding_Element_81
VGG_Embedding_Element_82
VGG_Embedding_Element_83
VGG_Embedding_Element_84
VGG_Embedding_Element_85
VGG_Embedding_Element_86
VGG_Embedding_Element_87
VGG_Embedding_Element_88
VGG_Embedding_Element_89
VGG_Embedding_Element_90
VGG_Embedding_Element_91
VGG_Embedding_Element_92
VGG_Embedding_Element_93
VGG_Embedding_Element_94
VGG_Embedding_Element_95
VGG_Embedding_Element_96
VGG_Embedding_Element_97
VGG_Embedding_Element_98
VGG_Embedding_Element_99
VGG_Embedding_Element_100
VGG_Embedding_Element_101
VGG_Embedding_Element_102
VGG_Embedding_Element_103
VGG_Embedding_Element_104
VGG_Embedding_Element_105
VGG_Embedding_Element_106
VGG_Embedding_Element_107
VGG_Embedding_Element_108
VGG_Embedding_Element_109
VGG_Embedding_Element_110
VGG_Embedding_Element_111
VGG_Embedding_Element_112
VGG_Embedding_Element_113
VGG_Embedding_Element_114
VGG_Embedding_Element_115
VGG_Embedding_Element_116
VGG_Embedding_Element_117
VGG_Embedding_Element_118
VGG_Embedding_Element_119
VGG_Embedding_Element_120
VGG_Embedding_Element_121
VGG_Embedding_Element_122
VGG_Embedding_Element_123
VGG_Embedding_Element_124
VGG_Embedding_Element_125
VGG_Embedding_Element_126
VGG_Embedding_Element_127
VGG_Embedding_Element_128
VGG_Embedding_Element_129
VGG_Embedding_Element_130
VGG_Embedding_Element_131
VGG_Embedding_Element_132
VGG_Embedding_Element_133
VGG_Embedding_Element_134
VGG_Embedding_Element_135
VGG_Embedding_Element_136
VGG_Embedding_Element_137
VGG_Embedding_Element_138
VGG_Embedding_Element_139
VGG_Embedding_Element_140
VGG_Embedding_Element_141
VGG_Embedding_Element_142
VGG_Embedding_Element_143
VGG_Embedding_Element_144
VGG_Embedding_Element_145
VGG_Embedding_Element_146
VGG_Embedding_Element_147
VGG_Embedding_Element_148
VGG_Embedding_Element_149
VGG_Embedding_Element_150
VGG_Embedding_Element_151
VGG_Embedding_Element_152
VGG_Embedding_Element_153
VGG_Embedding_Element_154
VGG_Embedding_Element_155
VGG_Embedding_Element_156
VGG_Embedding_Element_157
VGG_Embedding_Element_158
VGG_Embedding_Element_159
VGG_Embedding_Element_160
VGG_Embedding_Element_161
VGG_Embedding_Element_162
VGG_Embedding_Element_163
VGG_Embedding_Element_164
VGG_Embedding_Element_165
VGG_Embedding_Element_166
VGG_Embedding_Element_167
VGG_Embedding_Element_168
VGG_Embedding_Element_169
VGG_Embedding_Element_170
VGG_Embedding_Element_171
VGG_Embedding_Element_172
VGG_Embedding_Element_173
VGG_Embedding_Element_174
VGG_Embedding_Element_175
VGG_Embedding_Element_176
VGG_Embedding_Element_177
VGG_Embedding_Element_178
VGG_Embedding_Element_179
VGG_Embedding_Element_180
VGG_Embedding_Element_181
VGG_Embedding_Element_182
VGG_Embedding_Element_183
VGG_Embedding_Element_184
VGG_Embedding_Element_185
VGG_Embedding_Element_186
VGG_Embedding_Element_187
VGG_Embedding_Element_188
VGG_Embedding_Element_189
VGG_Embedding_Element_190
VGG_Embedding_Element_191
VGG_Embedding_Element_192
VGG_Embedding_Element_193
VGG_Embedding_Element_194
VGG_Embedding_Element_195
VGG_Embedding_Element_196
VGG_Embedding_Element_197
VGG_Embedding_Element_198
VGG_Embedding_Element_199
VGG_Embedding_Element_200
VGG_Embedding_Element_201
VGG_Embedding_Element_202
VGG_Embedding_Element_203
VGG_Embedding_Element_204
VGG_Embedding_Element_205
VGG_Embedding_Element_206
VGG_Embedding_Element_207
VGG_Embedding_Element_208
VGG_Embedding_Element_209
VGG_Embedding_Element_210
VGG_Embedding_Element_211
VGG_Embedding_Element_212
VGG_Embedding_Element_213
VGG_Embedding_Element_214
VGG_Embedding_Element_215
VGG_Embedding_Element_216
VGG_Embedding_Element_217
VGG_Embedding_Element_218
VGG_Embedding_Element_219
VGG_Embedding_Element_220
VGG_Embedding_Element_221
VGG_Embedding_Element_222
VGG_Embedding_Element_223
VGG_Embedding_Element_224
VGG_Embedding_Element_225
VGG_Embedding_Element_226
VGG_Embedding_Element_227
VGG_Embedding_Element_228
VGG_Embedding_Element_229
VGG_Embedding_Element_230
VGG_Embedding_Element_231
VGG_Embedding_Element_232
VGG_Embedding_Element_233
VGG_Embedding_Element_234
VGG_Embedding_Element_235
VGG_Embedding_Element_236
VGG_Embedding_Element_237
VGG_Embedding_Element_238
VGG_Embedding_Element_239
VGG_Embedding_Element_240
VGG_Embedding_Element_241
VGG_Embedding_Element_242
VGG_Embedding_Element_243
VGG_Embedding_Element_244
VGG_Embedding_Element_245
VGG_Embedding_Element_246
VGG_Embedding_Element_247
VGG_Embedding_Element_248
VGG_Embedding_Element_249
VGG_Embedding_Element_250
VGG_Embedding_Element_251
VGG_Embedding_Element_252
VGG_Embedding_Element_253
VGG_Embedding_Element_254
VGG_Embedding_Element_255
VGG_Embedding_Element_256
VGG_Embedding_Element_257
VGG_Embedding_Element_258
VGG_Embedding_Element_259
VGG_Embedding_Element_260
VGG_Embedding_Element_261
VGG_Embedding_Element_262
VGG_Embedding_Element_263
VGG_Embedding_Element_264
VGG_Embedding_Element_265
VGG_Embedding_Element_266
VGG_Embedding_Element_267
VGG_Embedding_Element_268
VGG_Embedding_Element_269
VGG_Embedding_Element_270
VGG_Embedding_Element_271
VGG_Embedding_Element_272
VGG_Embedding_Element_273
VGG_Embedding_Element_274
VGG_Embedding_Element_275
VGG_Embedding_Element_276
VGG_Embedding_Element_277
VGG_Embedding_Element_278
VGG_Embedding_Element_279
VGG_Embedding_Element_280
VGG_Embedding_Element_281
VGG_Embedding_Element_282
VGG_Embedding_Element_283
VGG_Embedding_Element_284
VGG_Embedding_Element_285
VGG_Embedding_Element_286
VGG_Embedding_Element_287
VGG_Embedding_Element_288
VGG_Embedding_Element_289
VGG_Embedding_Element_290
VGG_Embedding_Element_291
VGG_Embedding_Element_292
VGG_Embedding_Element_293
VGG_Embedding_Element_294
VGG_Embedding_Element_295
VGG_Embedding_Element_296
VGG_Embedding_Element_297
VGG_Embedding_Element_298
VGG_Embedding_Element_299
VGG_Embedding_Element_300
VGG_Embedding_Element_301
VGG_Embedding_Element_302
VGG_Embedding_Element_303
VGG_Embedding_Element_304
VGG_Embedding_Element_305
VGG_Embedding_Element_306
VGG_Embedding_Element_307
VGG_Embedding_Element_308
VGG_Embedding_Element_309
VGG_Embedding_Element_310
VGG_Embedding_Element_311
VGG_Embedding_Element_312
VGG_Embedding_Element_313
VGG_Embedding_Element_314
VGG_Embedding_Element_315
VGG_Embedding_Element_316
VGG_Embedding_Element_317
VGG_Embedding_Element_318
VGG_Embedding_Element_319
VGG_Embedding_Element_320
VGG_Embedding_Element_321
VGG_Embedding_Element_322
VGG_Embedding_Element_323
VGG_Embedding_Element_324
VGG_Embedding_Element_325
VGG_Embedding_Element_326
VGG_Embedding_Element_327
VGG_Embedding_Element_328
VGG_Embedding_Element_329
VGG_Embedding_Element_330
VGG_Embedding_Element_331
VGG_Embedding_Element_332
VGG_Embedding_Element_333
VGG_Embedding_Element_334
VGG_Embedding_Element_335
VGG_Embedding_Element_336
VGG_Embedding_Element_337
VGG_Embedding_Element_338
VGG_Embedding_Element_339
VGG_Embedding_Element_340
VGG_Embedding_Element_341
VGG_Embedding_Element_342
VGG_Embedding_Element_343
VGG_Embedding_Element_344
VGG_Embedding_Element_345
VGG_Embedding_Element_346
VGG_Embedding_Element_347
VGG_Embedding_Element_348
VGG_Embedding_Element_349
VGG_Embedding_Element_350
VGG_Embedding_Element_351
VGG_Embedding_Element_352
VGG_Embedding_Element_353
VGG_Embedding_Element_354
VGG_Embedding_Element_355
VGG_Embedding_Element_356
VGG_Embedding_Element_357
VGG_Embedding_Element_358
VGG_Embedding_Element_359
VGG_Embedding_Element_360
VGG_Embedding_Element_361
VGG_Embedding_Element_362
VGG_Embedding_Element_363
VGG_Embedding_Element_364
VGG_Embedding_Element_365
VGG_Embedding_Element_366
VGG_Embedding_Element_367
VGG_Embedding_Element_368
VGG_Embedding_Element_369
VGG_Embedding_Element_370
VGG_Embedding_Element_371
VGG_Embedding_Element_372
VGG_Embedding_Element_373
VGG_Embedding_Element_374
VGG_Embedding_Element_375
VGG_Embedding_Element_376
VGG_Embedding_Element_377
VGG_Embedding_Element_378
VGG_Embedding_Element_379
VGG_Embedding_Element_380
VGG_Embedding_Element_381
VGG_Embedding_Element_382
VGG_Embedding_Element_383
VGG_Embedding_Element_384
VGG_Embedding_Element_385
VGG_Embedding_Element_386
VGG_Embedding_Element_387
VGG_Embedding_Element_388
VGG_Embedding_Element_389
VGG_Embedding_Element_390
VGG_Embedding_Element_391
VGG_Embedding_Element_392
VGG_Embedding_Element_393
VGG_Embedding_Element_394
VGG_Embedding_Element_395
VGG_Embedding_Element_396
VGG_Embedding_Element_397
VGG_Embedding_Element_398
VGG_Embedding_Element_399
VGG_Embedding_Element_400
VGG_Embedding_Element_401
VGG_Embedding_Element_402
VGG_Embedding_Element_403
VGG_Embedding_Element_404
VGG_Embedding_Element_405
VGG_Embedding_Element_406
VGG_Embedding_Element_407
VGG_Embedding_Element_408
VGG_Embedding_Element_409
VGG_Embedding_Element_410
VGG_Embedding_Element_411
VGG_Embedding_Element_412
VGG_Embedding_Element_413
VGG_Embedding_Element_414
VGG_Embedding_Element_415
VGG_Embedding_Element_416
VGG_Embedding_Element_417
VGG_Embedding_Element_418
VGG_Embedding_Element_419
VGG_Embedding_Element_420
VGG_Embedding_Element_421
VGG_Embedding_Element_422
VGG_Embedding_Element_423
VGG_Embedding_Element_424
VGG_Embedding_Element_425
VGG_Embedding_Element_426
VGG_Embedding_Element_427
VGG_Embedding_Element_428
VGG_Embedding_Element_429
VGG_Embedding_Element_430
VGG_Embedding_Element_431
VGG_Embedding_Element_432
VGG_Embedding_Element_433
VGG_Embedding_Element_434
VGG_Embedding_Element_435
VGG_Embedding_Element_436
VGG_Embedding_Element_437
VGG_Embedding_Element_438
VGG_Embedding_Element_439
VGG_Embedding_Element_440
VGG_Embedding_Element_441
VGG_Embedding_Element_442
VGG_Embedding_Element_443
VGG_Embedding_Element_444
VGG_Embedding_Element_445
VGG_Embedding_Element_446
VGG_Embedding_Element_447
VGG_Embedding_Element_448
VGG_Embedding_Element_449
VGG_Embedding_Element_450
VGG_Embedding_Element_451
VGG_Embedding_Element_452
VGG_Embedding_Element_453
VGG_Embedding_Element_454
VGG_Embedding_Element_455
VGG_Embedding_Element_456
VGG_Embedding_Element_457
VGG_Embedding_Element_458
VGG_Embedding_Element_459
VGG_Embedding_Element_460
VGG_Embedding_Element_461
VGG_Embedding_Element_462
VGG_Embedding_Element_463
VGG_Embedding_Element_464
VGG_Embedding_Element_465
VGG_Embedding_Element_466
VGG_Embedding_Element_467
VGG_Embedding_Element_468
VGG_Embedding_Element_469
VGG_Embedding_Element_470
VGG_Embedding_Element_471
VGG_Embedding_Element_472
VGG_Embedding_Element_473
VGG_Embedding_Element_474
VGG_Embedding_Element_475
VGG_Embedding_Element_476
VGG_Embedding_Element_477
VGG_Embedding_Element_478
VGG_Embedding_Element_479
VGG_Embedding_Element_480
VGG_Embedding_Element_481
VGG_Embedding_Element_482
VGG_Embedding_Element_483
VGG_Embedding_Element_484
VGG_Embedding_Element_485
VGG_Embedding_Element_486
VGG_Embedding_Element_487
VGG_Embedding_Element_488
VGG_Embedding_Element_489
VGG_Embedding_Element_490
VGG_Embedding_Element_491
VGG_Embedding_Element_492
VGG_Embedding_Element_493
VGG_Embedding_Element_494
VGG_Embedding_Element_495
VGG_Embedding_Element_496
VGG_Embedding_Element_497
VGG_Embedding_Element_498
VGG_Embedding_Element_499
VGG_Embedding_Element_500
VGG_Embedding_Element_501
VGG_Embedding_Element_502
VGG_Embedding_Element_503
VGG_Embedding_Element_504
VGG_Embedding_Element_505
VGG_Embedding_Element_506
VGG_Embedding_Element_507
VGG_Embedding_Element_508
VGG_Embedding_Element_509
VGG_Embedding_Element_510
VGG_Embedding_Element_511
column names
HSV_0
HSV_1
HSV_2
HSV_3
HSV_4
HSV_5
HSV_6
HSV_7
HSV_8
HSV_9
HSV_10
HSV_11
HSV_12
HSV_13
HSV_14
HSV_15
HSV_16
HSV_17
HSV_18
HSV_19
HSV_20
HSV_21
HSV_22
HSV_23
HSV_24
HSV_25
HSV_26
HSV_27
HSV_28
HSV_29
HSV_30
HSV_31
HSV_32
HSV_33
HSV_34
HSV_35
HSV_36
HSV_37
HSV_38
HSV_39
HSV_40
HSV_41
HSV_42
HSV_43
HSV_44
HSV_45
HSV_46
HSV_47
HSV_48
HSV_49
HSV_50
HSV_51
HSV_52
HSV_53
HSV_54
HSV_55
HSV_56
HSV_57
HSV_58
HSV_59
HSV_60
HSV_61
HSV_62
HSV_63
HSV_64
HSV_65
HSV_66
HSV_67
HSV_68
HSV_69
HSV_70
HSV_71
HSV_72
HSV_73
HSV_74
HSV_75
HSV_76
HSV_77
HSV_78
HSV_79
HSV_80
HSV_81
HSV_82
HSV_83
HSV_84
HSV_85
HSV_86
HSV_87
HSV_88
HSV_89
HSV_90
HSV_91
HSV_92
HSV_93
HSV_94
HSV_95
HSV_96
HSV_97
HSV_98
HSV_99
HSV_100
HSV_101
HSV_102
HSV_103
HSV_104
HSV_105
HSV_106
HSV_107
HSV_108
HSV_109
HSV_110
HSV_111
HSV_112
HSV_113
HSV_114
HSV_115
HSV_116
HSV_117
HSV_118
HSV_119
HSV_120
HSV_121
HSV_122
HSV_123
HSV_124
HSV_125
HSV_126
HSV_127
HSV_128
HSV_129
HSV_130
HSV_131
HSV_132
HSV_133
HSV_134
HSV_135
HSV_136
HSV_137
HSV_138
HSV_139
HSV_140
HSV_141
HSV_142
HSV_143
HSV_144
HSV_145
HSV_146
HSV_147
HSV_148
HSV_149
HSV_150
HSV_151
HSV_152
HSV_153
HSV_154
HSV_155
HSV_156
HSV_157
HSV_158
HSV_159
HSV_160
HSV_161
HSV_162
HSV_163
HSV_164
HSV_165
HSV_166
HSV_167
HSV_168
HSV_169
HSV_170
HSV_171
HSV_172
HSV_173
HSV_174
HSV_175
HSV_176
HSV_177
HSV_178
HSV_179
HSV_180
HSV_181
HSV_182
HSV_183
HSV_184
HSV_185
HSV_186
HSV_187
HSV_188
HSV_189
HSV_190
HSV_191
HSV_192
HSV_193
HSV_194
HSV_195
HSV_196
HSV_197
HSV_198
HSV_199
HSV_200
HSV_201
HSV_202
HSV_203
HSV_204
HSV_205
HSV_206
HSV_207
HSV_208
HSV_209
HSV_210
HSV_211
HSV_212
HSV_213
HSV_214
HSV_215
HSV_216
HSV_217
HSV_218
HSV_219
HSV_220
HSV_221
HSV_222
HSV_223
HSV_224
HSV_225
HSV_226
HSV_227
HSV_228
HSV_229
HSV_230
HSV_231
HSV_232
HSV_233
HSV_234
HSV_235
HSV_236
HSV_237
HSV_238
HSV_239
HSV_240
HSV_241
HSV_242
HSV_243
HSV_244
HSV_245
HSV_246
HSV_247
HSV_248
HSV_249
HSV_250
HSV_251
HSV_252
HSV_253
HSV_254
HSV_255
HSV_256
HSV_257
HSV_258
HSV_259
HSV_260
HSV_261
HSV_262
HSV_263
HSV_264
HSV_265
HSV_266
HSV_267
HSV_268
HSV_269
HSV_270
HSV_271
HSV_272
HSV_273
HSV_274
HSV_275
HSV_276
HSV_277
HSV_278
HSV_279
HSV_280
HSV_281
HSV_282
HSV_283
HSV_284
HSV_285
HSV_286
HSV_287
HSV_288
HSV_289
HSV_290
HSV_291
HSV_292
HSV_293
HSV_294
HSV_295
HSV_296
HSV_297
HSV_298
HSV_299
HSV_300
HSV_301
HSV_302
HSV_303
HSV_304
HSV_305
HSV_306
HSV_307
HSV_308
HSV_309
HSV_310
HSV_311
HSV_312
HSV_313
HSV_314
HSV_315
HSV_316
HSV_317
HSV_318
HSV_319
HSV_320
HSV_321
HSV_322
HSV_323
HSV_324
HSV_325
HSV_326
HSV_327
HSV_328
HSV_329
HSV_330
HSV_331
HSV_332
HSV_333
HSV_334
HSV_335
HSV_336
HSV_337
HSV_338
HSV_339
HSV_340
HSV_341
HSV_342
HSV_343
HSV_344
HSV_345
HSV_346
HSV_347
HSV_348
HSV_349
HSV_350
HSV_351
HSV_352
HSV_353
HSV_354
HSV_355
HSV_356
HSV_357
HSV_358
HSV_359
HSV_360
HSV_361
HSV_362
HSV_363
HSV_364
HSV_365
HSV_366
HSV_367
HSV_368
HSV_369
HSV_370
HSV_371
HSV_372
HSV_373
HSV_374
HSV_375
HSV_376
HSV_377
HSV_378
HSV_379
HSV_380
HSV_381
HSV_382
HSV_383
HSV_384
HSV_385
HSV_386
HSV_387
HSV_388
HSV_389
HSV_390
HSV_391
HSV_392
HSV_393
HSV_394
HSV_395
HSV_396
HSV_397
HSV_398
HSV_399
HSV_400
HSV_401
HSV_402
HSV_403
HSV_404
HSV_405
HSV_406
HSV_407
HSV_408
HSV_409
HSV_410
HSV_411
HSV_412
HSV_413
HSV_414
HSV_415
HSV_416
HSV_417
HSV_418
HSV_419
HSV_420
HSV_421
HSV_422
HSV_423
HSV_424
HSV_425
HSV_426
HSV_427
HSV_428
HSV_429
HSV_430
HSV_431
HSV_432
HSV_433
HSV_434
HSV_435
HSV_436
HSV_437
HSV_438
HSV_439
HSV_440
HSV_441
HSV_442
HSV_443
HSV_444
HSV_445
HSV_446
HSV_447
HSV_448
HSV_449
HSV_450
HSV_451
HSV_452
HSV_453
HSV_454
HSV_455
HSV_456
HSV_457
HSV_458
HSV_459
HSV_460
HSV_461
HSV_462
HSV_463
HSV_464
HSV_465
HSV_466
HSV_467
HSV_468
HSV_469
HSV_470
HSV_471
HSV_472
HSV_473
HSV_474
HSV_475
HSV_476
HSV_477
HSV_478
HSV_479
HSV_480
HSV_481
HSV_482
HSV_483
HSV_484
HSV_485
HSV_486
HSV_487
HSV_488
HSV_489
HSV_490
HSV_491
HSV_492
HSV_493
HSV_494
HSV_495
HSV_496
HSV_497
HSV_498
HSV_499
HSV_500
HSV_501
HSV_502
HSV_503
HSV_504
HSV_505
HSV_506
HSV_507
HSV_508
HSV_509
HSV_510
HSV_511
HSV_512
HSV_513
HSV_514
HSV_515
HSV_516
HSV_517
HSV_518
HSV_519
HSV_520
HSV_521
HSV_522
HSV_523
HSV_524
HSV_525
HSV_526
HSV_527
HSV_528
HSV_529
HSV_530
HSV_531
HSV_532
HSV_533
HSV_534
HSV_535
HSV_536
HSV_537
HSV_538
HSV_539
HSV_540
HSV_541
HSV_542
HSV_543
HSV_544
HSV_545
HSV_546
HSV_547
HSV_548
HSV_549
HSV_550
HSV_551
HSV_552
HSV_553
HSV_554
HSV_555
HSV_556
HSV_557
HSV_558
HSV_559
HSV_560
HSV_561
HSV_562
HSV_563
HSV_564
HSV_565
HSV_566
HSV_567
HSV_568
HSV_569
HSV_570
HSV_571
HSV_572
HSV_573
HSV_574
HSV_575
HSV_576
HSV_577
HSV_578
HSV_579
HSV_580
HSV_581
HSV_582
HSV_583
HSV_584
HSV_585
HSV_586
HSV_587
HSV_588
HSV_589
HSV_590
HSV_591
HSV_592
HSV_593
HSV_594
HSV_595
HSV_596
HSV_597
HSV_598
HSV_599
HSV_600
HSV_601
HSV_602
HSV_603
HSV_604
HSV_605
HSV_606
HSV_607
HSV_608
HSV_609
HSV_610
HSV_611
HSV_612
HSV_613
HSV_614
HSV_615
HSV_616
HSV_617
HSV_618
HSV_619
HSV_620
HSV_621
HSV_622
HSV_623
HSV_624
HSV_625
HSV_626
HSV_627
HSV_628
HSV_629
HSV_630
HSV_631
HSV_632
HSV_633
HSV_634
HSV_635
HSV_636
HSV_637
HSV_638
HSV_639
HSV_640
HSV_641
HSV_642
HSV_643
HSV_644
HSV_645
HSV_646
HSV_647
HSV_648
HSV_649
HSV_650
HSV_651
HSV_652
HSV_653
HSV_654
HSV_655
HSV_656
HSV_657
HSV_658
HSV_659
HSV_660
HSV_661
HSV_662
HSV_663
HSV_664
HSV_665
HSV_666
HSV_667
HSV_668
HSV_669
HSV_670
HSV_671
HSV_672
HSV_673
HSV_674
HSV_675
HSV_676
HSV_677
HSV_678
HSV_679
HSV_680
HSV_681
HSV_682
HSV_683
HSV_684
HSV_685
HSV_686
HSV_687
HSV_688
HSV_689
HSV_690
HSV_691
HSV_692
HSV_693
HSV_694
HSV_695
HSV_696
HSV_697
HSV_698
HSV_699
HSV_700
HSV_701
HSV_702
HSV_703
HSV_704
HSV_705
HSV_706
HSV_707
HSV_708
HSV_709
HSV_710
HSV_711
HSV_712
HSV_713
HSV_714
HSV_715
HSV_716
HSV_717
HSV_718
HSV_719
HSV_720
HSV_721
HSV_722
HSV_723
HSV_724
HSV_725
HSV_726
HSV_727
HSV_728
HSV_729
HSV_730
HSV_731
HSV_732
HSV_733
HSV_734
HSV_735
HSV_736
HSV_737
HSV_738
HSV_739
HSV_740
HSV_741
HSV_742
HSV_743
HSV_744
HSV_745
HSV_746
HSV_747
HSV_748
HSV_749
HSV_750
HSV_751
HSV_752
HSV_753
HSV_754
HSV_755
HSV_756
HSV_757
HSV_758
HSV_759
HSV_760
HSV_761
HSV_762
HSV_763
HSV_764
HSV_765
HSV_766
HSV_767
LBP_0
LBP_1
LBP_2
LBP_3
LBP_4
LBP_5
LBP_6
LBP_7
LBP_8
LBP_9
LBP_10
LBP_11
LBP_12
LBP_13
LBP_14
LBP_15
LBP_16
LBP_17
LBP_18
LBP_19
LBP_20
LBP_21
LBP_22
LBP_23
LBP_24
VGG_Embedding_Element_0
VGG_Embedding_Element_1
VGG_Embedding_Element_2
VGG_Embedding_Element_3
VGG_Embedding_Element_4
VGG_Embedding_Element_5
VGG_Embedding_Element_6
VGG_Embedding_Element_7
VGG_Embedding_Element_8
VGG_Embedding_Element_9
VGG_Embedding_Element_10
VGG_Embedding_Element_11
VGG_Embedding_Element_12
VGG_Embedding_Element_13
VGG_Embedding_Element_14
VGG_Embedding_Element_15
VGG_Embedding_Element_16
VGG_Embedding_Element_17
VGG_Embedding_Element_18
VGG_Embedding_Element_19
VGG_Embedding_Element_20
VGG_Embedding_Element_21
VGG_Embedding_Element_22
VGG_Embedding_Element_23
VGG_Embedding_Element_24
VGG_Embedding_Element_25
VGG_Embedding_Element_26
VGG_Embedding_Element_27
VGG_Embedding_Element_28
VGG_Embedding_Element_29
VGG_Embedding_Element_30
VGG_Embedding_Element_31
VGG_Embedding_Element_32
VGG_Embedding_Element_33
VGG_Embedding_Element_34
VGG_Embedding_Element_35
VGG_Embedding_Element_36
VGG_Embedding_Element_37
VGG_Embedding_Element_38
VGG_Embedding_Element_39
VGG_Embedding_Element_40
VGG_Embedding_Element_41
VGG_Embedding_Element_42
VGG_Embedding_Element_43
VGG_Embedding_Element_44
VGG_Embedding_Element_45
VGG_Embedding_Element_46
VGG_Embedding_Element_47
VGG_Embedding_Element_48
VGG_Embedding_Element_49
VGG_Embedding_Element_50
VGG_Embedding_Element_51
VGG_Embedding_Element_52
VGG_Embedding_Element_53
VGG_Embedding_Element_54
VGG_Embedding_Element_55
VGG_Embedding_Element_56
VGG_Embedding_Element_57
VGG_Embedding_Element_58
VGG_Embedding_Element_59
VGG_Embedding_Element_60
VGG_Embedding_Element_61
VGG_Embedding_Element_62
VGG_Embedding_Element_63
VGG_Embedding_Element_64
VGG_Embedding_Element_65
VGG_Embedding_Element_66
VGG_Embedding_Element_67
VGG_Embedding_Element_68
VGG_Embedding_Element_69
VGG_Embedding_Element_70
VGG_Embedding_Element_71
VGG_Embedding_Element_72
VGG_Embedding_Element_73
VGG_Embedding_Element_74
VGG_Embedding_Element_75
VGG_Embedding_Element_76
VGG_Embedding_Element_77
VGG_Embedding_Element_78
VGG_Embedding_Element_79
VGG_Embedding_Element_80
VGG_Embedding_Element_81
VGG_Embedding_Element_82
VGG_Embedding_Element_83
VGG_Embedding_Element_84
VGG_Embedding_Element_85
VGG_Embedding_Element_86
VGG_Embedding_Element_87
VGG_Embedding_Element_88
VGG_Embedding_Element_89
VGG_Embedding_Element_90
VGG_Embedding_Element_91
VGG_Embedding_Element_92
VGG_Embedding_Element_93
VGG_Embedding_Element_94
VGG_Embedding_Element_95
VGG_Embedding_Element_96
VGG_Embedding_Element_97
VGG_Embedding_Element_98
VGG_Embedding_Element_99
VGG_Embedding_Element_100
VGG_Embedding_Element_101
VGG_Embedding_Element_102
VGG_Embedding_Element_103
VGG_Embedding_Element_104
VGG_Embedding_Element_105
VGG_Embedding_Element_106
VGG_Embedding_Element_107
VGG_Embedding_Element_108
VGG_Embedding_Element_109
VGG_Embedding_Element_110
VGG_Embedding_Element_111
VGG_Embedding_Element_112
VGG_Embedding_Element_113
VGG_Embedding_Element_114
VGG_Embedding_Element_115
VGG_Embedding_Element_116
VGG_Embedding_Element_117
VGG_Embedding_Element_118
VGG_Embedding_Element_119
VGG_Embedding_Element_120
VGG_Embedding_Element_121
VGG_Embedding_Element_122
VGG_Embedding_Element_123
VGG_Embedding_Element_124
VGG_Embedding_Element_125
VGG_Embedding_Element_126
VGG_Embedding_Element_127
VGG_Embedding_Element_128
VGG_Embedding_Element_129
VGG_Embedding_Element_130
VGG_Embedding_Element_131
VGG_Embedding_Element_132
VGG_Embedding_Element_133
VGG_Embedding_Element_134
VGG_Embedding_Element_135
VGG_Embedding_Element_136
VGG_Embedding_Element_137
VGG_Embedding_Element_138
VGG_Embedding_Element_139
VGG_Embedding_Element_140
VGG_Embedding_Element_141
VGG_Embedding_Element_142
VGG_Embedding_Element_143
VGG_Embedding_Element_144
VGG_Embedding_Element_145
VGG_Embedding_Element_146
VGG_Embedding_Element_147
VGG_Embedding_Element_148
VGG_Embedding_Element_149
VGG_Embedding_Element_150
VGG_Embedding_Element_151
VGG_Embedding_Element_152
VGG_Embedding_Element_153
VGG_Embedding_Element_154
VGG_Embedding_Element_155
VGG_Embedding_Element_156
VGG_Embedding_Element_157
VGG_Embedding_Element_158
VGG_Embedding_Element_159
VGG_Embedding_Element_160
VGG_Embedding_Element_161
VGG_Embedding_Element_162
VGG_Embedding_Element_163
VGG_Embedding_Element_164
VGG_Embedding_Element_165
VGG_Embedding_Element_166
VGG_Embedding_Element_167
VGG_Embedding_Element_168
VGG_Embedding_Element_169
VGG_Embedding_Element_170
VGG_Embedding_Element_171
VGG_Embedding_Element_172
VGG_Embedding_Element_173
VGG_Embedding_Element_174
VGG_Embedding_Element_175
VGG_Embedding_Element_176
VGG_Embedding_Element_177
VGG_Embedding_Element_178
VGG_Embedding_Element_179
VGG_Embedding_Element_180
VGG_Embedding_Element_181
VGG_Embedding_Element_182
VGG_Embedding_Element_183
VGG_Embedding_Element_184
VGG_Embedding_Element_185
VGG_Embedding_Element_186
VGG_Embedding_Element_187
VGG_Embedding_Element_188
VGG_Embedding_Element_189
VGG_Embedding_Element_190
VGG_Embedding_Element_191
VGG_Embedding_Element_192
VGG_Embedding_Element_193
VGG_Embedding_Element_194
VGG_Embedding_Element_195
VGG_Embedding_Element_196
VGG_Embedding_Element_197
VGG_Embedding_Element_198
VGG_Embedding_Element_199
VGG_Embedding_Element_200
VGG_Embedding_Element_201
VGG_Embedding_Element_202
VGG_Embedding_Element_203
VGG_Embedding_Element_204
VGG_Embedding_Element_205
VGG_Embedding_Element_206
VGG_Embedding_Element_207
VGG_Embedding_Element_208
VGG_Embedding_Element_209
VGG_Embedding_Element_210
VGG_Embedding_Element_211
VGG_Embedding_Element_212
VGG_Embedding_Element_213
VGG_Embedding_Element_214
VGG_Embedding_Element_215
VGG_Embedding_Element_216
VGG_Embedding_Element_217
VGG_Embedding_Element_218
VGG_Embedding_Element_219
VGG_Embedding_Element_220
VGG_Embedding_Element_221
VGG_Embedding_Element_222
VGG_Embedding_Element_223
VGG_Embedding_Element_224
VGG_Embedding_Element_225
VGG_Embedding_Element_226
VGG_Embedding_Element_227
VGG_Embedding_Element_228
VGG_Embedding_Element_229
VGG_Embedding_Element_230
VGG_Embedding_Element_231
VGG_Embedding_Element_232
VGG_Embedding_Element_233
VGG_Embedding_Element_234
VGG_Embedding_Element_235
VGG_Embedding_Element_236
VGG_Embedding_Element_237
VGG_Embedding_Element_238
VGG_Embedding_Element_239
VGG_Embedding_Element_240
VGG_Embedding_Element_241
VGG_Embedding_Element_242
VGG_Embedding_Element_243
VGG_Embedding_Element_244
VGG_Embedding_Element_245
VGG_Embedding_Element_246
VGG_Embedding_Element_247
VGG_Embedding_Element_248
VGG_Embedding_Element_249
VGG_Embedding_Element_250
VGG_Embedding_Element_251
VGG_Embedding_Element_252
VGG_Embedding_Element_253
VGG_Embedding_Element_254
VGG_Embedding_Element_255
VGG_Embedding_Element_256
VGG_Embedding_Element_257
VGG_Embedding_Element_258
VGG_Embedding_Element_259
VGG_Embedding_Element_260
VGG_Embedding_Element_261
VGG_Embedding_Element_262
VGG_Embedding_Element_263
VGG_Embedding_Element_264
VGG_Embedding_Element_265
VGG_Embedding_Element_266
VGG_Embedding_Element_267
VGG_Embedding_Element_268
VGG_Embedding_Element_269
VGG_Embedding_Element_270
VGG_Embedding_Element_271
VGG_Embedding_Element_272
VGG_Embedding_Element_273
VGG_Embedding_Element_274
VGG_Embedding_Element_275
VGG_Embedding_Element_276
VGG_Embedding_Element_277
VGG_Embedding_Element_278
VGG_Embedding_Element_279
VGG_Embedding_Element_280
VGG_Embedding_Element_281
VGG_Embedding_Element_282
VGG_Embedding_Element_283
VGG_Embedding_Element_284
VGG_Embedding_Element_285
VGG_Embedding_Element_286
VGG_Embedding_Element_287
VGG_Embedding_Element_288
VGG_Embedding_Element_289
VGG_Embedding_Element_290
VGG_Embedding_Element_291
VGG_Embedding_Element_292
VGG_Embedding_Element_293
VGG_Embedding_Element_294
VGG_Embedding_Element_295
VGG_Embedding_Element_296
VGG_Embedding_Element_297
VGG_Embedding_Element_298
VGG_Embedding_Element_299
VGG_Embedding_Element_300
VGG_Embedding_Element_301
VGG_Embedding_Element_302
VGG_Embedding_Element_303
VGG_Embedding_Element_304
VGG_Embedding_Element_305
VGG_Embedding_Element_306
VGG_Embedding_Element_307
VGG_Embedding_Element_308
VGG_Embedding_Element_309
VGG_Embedding_Element_310
VGG_Embedding_Element_311
VGG_Embedding_Element_312
VGG_Embedding_Element_313
VGG_Embedding_Element_314
VGG_Embedding_Element_315
VGG_Embedding_Element_316
VGG_Embedding_Element_317
VGG_Embedding_Element_318
VGG_Embedding_Element_319
VGG_Embedding_Element_320
VGG_Embedding_Element_321
VGG_Embedding_Element_322
VGG_Embedding_Element_323
VGG_Embedding_Element_324
VGG_Embedding_Element_325
VGG_Embedding_Element_326
VGG_Embedding_Element_327
VGG_Embedding_Element_328
VGG_Embedding_Element_329
VGG_Embedding_Element_330
VGG_Embedding_Element_331
VGG_Embedding_Element_332
VGG_Embedding_Element_333
VGG_Embedding_Element_334
VGG_Embedding_Element_335
VGG_Embedding_Element_336
VGG_Embedding_Element_337
VGG_Embedding_Element_338
VGG_Embedding_Element_339
VGG_Embedding_Element_340
VGG_Embedding_Element_341
VGG_Embedding_Element_342
VGG_Embedding_Element_343
VGG_Embedding_Element_344
VGG_Embedding_Element_345
VGG_Embedding_Element_346
VGG_Embedding_Element_347
VGG_Embedding_Element_348
VGG_Embedding_Element_349
VGG_Embedding_Element_350
VGG_Embedding_Element_351
VGG_Embedding_Element_352
VGG_Embedding_Element_353
VGG_Embedding_Element_354
VGG_Embedding_Element_355
VGG_Embedding_Element_356
VGG_Embedding_Element_357
VGG_Embedding_Element_358
VGG_Embedding_Element_359
VGG_Embedding_Element_360
VGG_Embedding_Element_361
VGG_Embedding_Element_362
VGG_Embedding_Element_363
VGG_Embedding_Element_364
VGG_Embedding_Element_365
VGG_Embedding_Element_366
VGG_Embedding_Element_367
VGG_Embedding_Element_368
VGG_Embedding_Element_369
VGG_Embedding_Element_370
VGG_Embedding_Element_371
VGG_Embedding_Element_372
VGG_Embedding_Element_373
VGG_Embedding_Element_374
VGG_Embedding_Element_375
VGG_Embedding_Element_376
VGG_Embedding_Element_377
VGG_Embedding_Element_378
VGG_Embedding_Element_379
VGG_Embedding_Element_380
VGG_Embedding_Element_381
VGG_Embedding_Element_382
VGG_Embedding_Element_383
VGG_Embedding_Element_384
VGG_Embedding_Element_385
VGG_Embedding_Element_386
VGG_Embedding_Element_387
VGG_Embedding_Element_388
VGG_Embedding_Element_389
VGG_Embedding_Element_390
VGG_Embedding_Element_391
VGG_Embedding_Element_392
VGG_Embedding_Element_393
VGG_Embedding_Element_394
VGG_Embedding_Element_395
VGG_Embedding_Element_396
VGG_Embedding_Element_397
VGG_Embedding_Element_398
VGG_Embedding_Element_399
VGG_Embedding_Element_400
VGG_Embedding_Element_401
VGG_Embedding_Element_402
VGG_Embedding_Element_403
VGG_Embedding_Element_404
VGG_Embedding_Element_405
VGG_Embedding_Element_406
VGG_Embedding_Element_407
VGG_Embedding_Element_408
VGG_Embedding_Element_409
VGG_Embedding_Element_410
VGG_Embedding_Element_411
VGG_Embedding_Element_412
VGG_Embedding_Element_413
VGG_Embedding_Element_414
VGG_Embedding_Element_415
VGG_Embedding_Element_416
VGG_Embedding_Element_417
VGG_Embedding_Element_418
VGG_Embedding_Element_419
VGG_Embedding_Element_420
VGG_Embedding_Element_421
VGG_Embedding_Element_422
VGG_Embedding_Element_423
VGG_Embedding_Element_424
VGG_Embedding_Element_425
VGG_Embedding_Element_426
VGG_Embedding_Element_427
VGG_Embedding_Element_428
VGG_Embedding_Element_429
VGG_Embedding_Element_430
VGG_Embedding_Element_431
VGG_Embedding_Element_432
VGG_Embedding_Element_433
VGG_Embedding_Element_434
VGG_Embedding_Element_435
VGG_Embedding_Element_436
VGG_Embedding_Element_437
VGG_Embedding_Element_438
VGG_Embedding_Element_439
VGG_Embedding_Element_440
VGG_Embedding_Element_441
VGG_Embedding_Element_442
VGG_Embedding_Element_443
VGG_Embedding_Element_444
VGG_Embedding_Element_445
VGG_Embedding_Element_446
VGG_Embedding_Element_447
VGG_Embedding_Element_448
VGG_Embedding_Element_449
VGG_Embedding_Element_450
VGG_Embedding_Element_451
VGG_Embedding_Element_452
VGG_Embedding_Element_453
VGG_Embedding_Element_454
VGG_Embedding_Element_455
VGG_Embedding_Element_456
VGG_Embedding_Element_457
VGG_Embedding_Element_458
VGG_Embedding_Element_459
VGG_Embedding_Element_460
VGG_Embedding_Element_461
VGG_Embedding_Element_462
VGG_Embedding_Element_463
VGG_Embedding_Element_464
VGG_Embedding_Element_465
VGG_Embedding_Element_466
VGG_Embedding_Element_467
VGG_Embedding_Element_468
VGG_Embedding_Element_469
VGG_Embedding_Element_470
VGG_Embedding_Element_471
VGG_Embedding_Element_472
VGG_Embedding_Element_473
VGG_Embedding_Element_474
VGG_Embedding_Element_475
VGG_Embedding_Element_476
VGG_Embedding_Element_477
VGG_Embedding_Element_478
VGG_Embedding_Element_479
VGG_Embedding_Element_480
VGG_Embedding_Element_481
VGG_Embedding_Element_482
VGG_Embedding_Element_483
VGG_Embedding_Element_484
VGG_Embedding_Element_485
VGG_Embedding_Element_486
VGG_Embedding_Element_487
VGG_Embedding_Element_488
VGG_Embedding_Element_489
VGG_Embedding_Element_490
VGG_Embedding_Element_491
VGG_Embedding_Element_492
VGG_Embedding_Element_493
VGG_Embedding_Element_494
VGG_Embedding_Element_495
VGG_Embedding_Element_496
VGG_Embedding_Element_497
VGG_Embedding_Element_498
VGG_Embedding_Element_499
VGG_Embedding_Element_500
VGG_Embedding_Element_501
VGG_Embedding_Element_502
VGG_Embedding_Element_503
VGG_Embedding_Element_504
VGG_Embedding_Element_505
VGG_Embedding_Element_506
VGG_Embedding_Element_507
VGG_Embedding_Element_508
VGG_Embedding_Element_509
VGG_Embedding_Element_510
VGG_Embedding_Element_511
Class
[1000]	valid_set's multi_error: 0.131448
Completed Job
Time elapsed: 21 minute(s).
